2026/01/12 12:21:44 ----------------------------------------------------------------
2026/01/12 12:21:44 My Node ID: 1
2026/01/12 12:21:44 Cluster Config String: 1=127.0.0.1:9091,2=127.0.0.1:9092,3=127.0.0.1:9093,4=127.0.0.1:9094
2026/01/12 12:21:44 Parsed Peers Map: map[1:127.0.0.1:9091 2:127.0.0.1:9092 3:127.0.0.1:9093 4:127.0.0.1:9094]
2026/01/12 12:21:44 ----------------------------------------------------------------
2026/01/12 12:21:44 Opening storage at /tmp/node1 (DirectIO: true)...
[DBImpl] io_uring enabled.
[BlobStore] Recovered. NextFileID: 1
[DBImpl] Flushed SSTable #8. Entries: 57, Size: 2195
[DBImpl] Flushed SSTable #8. Entries: 57, Seq: 63309
2026/01/12 12:21:44 Successfully registered store 1 to PD
2026/01/12 12:21:44 Starting RaftStore (Node 1)...
2026/01/12 12:21:44 Bootstrapping initial region for node 1
2026/01/12 12:21:44 [DEBUG] PeerStorage InitialState Voters: [1 2 3]
raft2026/01/12 12:21:44 INFO: 1 switched to configuration voters=(1 2 3)
raft2026/01/12 12:21:44 INFO: 1 became follower at term 6
raft2026/01/12 12:21:44 INFO: newRaft 1 [peers: [1,2,3], term: 6, commit: 8, applied: 5, lastindex: 8, lastterm: 6]
2026/01/12 12:21:44 Server listening on port 9091
2026/01/12 12:21:44 Pprof & Metrics listening on 0.0.0.0:6061
raft2026/01/12 12:21:44 INFO: 1 switched to configuration voters=(1 2 3 1005)
raft2026/01/12 12:21:44 INFO: 1 switched to configuration voters=(1 2 1005)
raft2026/01/12 12:21:46 INFO: 1 no leader at term 6; dropping proposal
raft2026/01/12 12:21:46 INFO: 1 no leader at term 6; dropping proposal
raft2026/01/12 12:21:48 INFO: 1 no leader at term 6; dropping proposal
raft2026/01/12 12:21:51 INFO: 1 no leader at term 6; dropping proposal
raft2026/01/12 12:21:52 INFO: 1 no leader at term 6; dropping proposal
raft2026/01/12 12:21:54 INFO: 1 is starting a new election at term 6
raft2026/01/12 12:21:54 INFO: 1 became candidate at term 7
raft2026/01/12 12:21:54 INFO: 1 received MsgVoteResp from 1 at term 7
raft2026/01/12 12:21:54 INFO: 1 [logterm: 6, index: 8] sent MsgVote request to 2 at term 7
raft2026/01/12 12:21:54 INFO: 1 [logterm: 6, index: 8] sent MsgVote request to 3ed at term 7
raft2026/01/12 12:21:55 INFO: 1 no leader at term 7; dropping proposal
raft2026/01/12 12:21:56 INFO: 1 no leader at term 7; dropping proposal
raft2026/01/12 12:21:56 INFO: 1 no leader at term 7; dropping proposal
raft2026/01/12 12:21:58 INFO: 1 [term: 7] received a MsgVote message with higher term from 2 [term: 8]
raft2026/01/12 12:21:58 INFO: 1 became follower at term 8
raft2026/01/12 12:21:58 INFO: 1 [logterm: 6, index: 8, vote: 0] cast MsgVote for 2 [logterm: 6, index: 8] at term 8
raft2026/01/12 12:21:59 INFO: 1 no leader at term 8; dropping proposal
raft2026/01/12 12:22:00 INFO: 1 no leader at term 8; dropping proposal
raft2026/01/12 12:22:03 INFO: 1 no leader at term 8; dropping proposal
raft2026/01/12 12:22:03 INFO: 1 no leader at term 8; dropping proposal
raft2026/01/12 12:22:05 INFO: 1 [term: 8] received a MsgVote message with higher term from 2 [term: 9]
raft2026/01/12 12:22:05 INFO: 1 became follower at term 9
raft2026/01/12 12:22:05 INFO: 1 [logterm: 6, index: 8, vote: 0] cast MsgVote for 2 [logterm: 6, index: 8] at term 9
raft2026/01/12 12:22:05 INFO: 1 no leader at term 9; dropping proposal
raft2026/01/12 12:22:05 INFO: 1 no leader at term 9; dropping proposal
raft2026/01/12 12:22:06 INFO: 1 no leader at term 9; dropping proposal
raft2026/01/12 12:22:06 INFO: 1 no leader at term 9; dropping proposal
raft2026/01/12 12:22:06 INFO: 1 no leader at term 9; dropping proposal
raft2026/01/12 12:22:08 INFO: 1 no leader at term 9; dropping proposal
raft2026/01/12 12:22:09 INFO: 1 no leader at term 9; dropping proposal
raft2026/01/12 12:22:10 INFO: 1 no leader at term 9; dropping proposal
raft2026/01/12 12:22:10 INFO: 1 [term: 9] received a MsgVote message with higher term from 2 [term: 10]
raft2026/01/12 12:22:10 INFO: 1 became follower at term 10
raft2026/01/12 12:22:10 INFO: 1 [logterm: 6, index: 8, vote: 0] cast MsgVote for 2 [logterm: 6, index: 8] at term 10
raft2026/01/12 12:22:10 INFO: 1 no leader at term 10; dropping proposal
raft2026/01/12 12:22:12 INFO: 1 no leader at term 10; dropping proposal
raft2026/01/12 12:22:15 INFO: 1 [term: 10] received a MsgVote message with higher term from 2 [term: 11]
raft2026/01/12 12:22:15 INFO: 1 became follower at term 11
raft2026/01/12 12:22:15 INFO: 1 [logterm: 6, index: 8, vote: 0] cast MsgVote for 2 [logterm: 6, index: 8] at term 11
raft2026/01/12 12:22:16 INFO: 1 no leader at term 11; dropping proposal
raft2026/01/12 12:22:19 INFO: 1 no leader at term 11; dropping proposal
raft2026/01/12 12:22:19 INFO: 1 no leader at term 11; dropping proposal
raft2026/01/12 12:22:22 INFO: 1 no leader at term 11; dropping proposal
raft2026/01/12 12:22:22 INFO: 1 no leader at term 11; dropping proposal
raft2026/01/12 12:22:23 INFO: 1 no leader at term 11; dropping proposal
raft2026/01/12 12:22:23 INFO: 1 is starting a new election at term 11
raft2026/01/12 12:22:23 INFO: 1 became candidate at term 12
raft2026/01/12 12:22:23 INFO: 1 received MsgVoteResp from 1 at term 12
raft2026/01/12 12:22:23 INFO: 1 [logterm: 6, index: 8] sent MsgVote request to 2 at term 12
raft2026/01/12 12:22:23 INFO: 1 [logterm: 6, index: 8] sent MsgVote request to 3ed at term 12
raft2026/01/12 12:22:26 INFO: 1 no leader at term 12; dropping proposal
raft2026/01/12 12:22:28 INFO: 1 no leader at term 12; dropping proposal
raft2026/01/12 12:22:28 INFO: 1 no leader at term 12; dropping proposal
raft2026/01/12 12:22:29 INFO: 1 no leader at term 12; dropping proposal
raft2026/01/12 12:22:31 INFO: 1 is starting a new election at term 12
raft2026/01/12 12:22:31 INFO: 1 became candidate at term 13
raft2026/01/12 12:22:31 INFO: 1 received MsgVoteResp from 1 at term 13
raft2026/01/12 12:22:31 INFO: 1 [logterm: 6, index: 8] sent MsgVote request to 2 at term 13
raft2026/01/12 12:22:31 INFO: 1 [logterm: 6, index: 8] sent MsgVote request to 3ed at term 13
raft2026/01/12 12:22:34 INFO: 1 no leader at term 13; dropping proposal
raft2026/01/12 12:22:36 INFO: 1 no leader at term 13; dropping proposal
raft2026/01/12 12:22:36 INFO: 1 no leader at term 13; dropping proposal
raft2026/01/12 12:22:36 INFO: 1 no leader at term 13; dropping proposal
raft2026/01/12 12:22:36 INFO: 1 no leader at term 13; dropping proposal
raft2026/01/12 12:22:36 INFO: 1 no leader at term 13; dropping proposal
raft2026/01/12 12:22:36 INFO: 1 [term: 13] received a MsgVote message with higher term from 2 [term: 14]
raft2026/01/12 12:22:36 INFO: 1 became follower at term 14
raft2026/01/12 12:22:36 INFO: 1 [logterm: 6, index: 8, vote: 0] cast MsgVote for 2 [logterm: 6, index: 8] at term 14
raft2026/01/12 12:22:37 INFO: 1 no leader at term 14; dropping proposal
raft2026/01/12 12:22:37 INFO: 1 no leader at term 14; dropping proposal
raft2026/01/12 12:22:39 INFO: 1 no leader at term 14; dropping proposal
raft2026/01/12 12:22:39 INFO: 1 no leader at term 14; dropping proposal
raft2026/01/12 12:22:39 INFO: 1 no leader at term 14; dropping proposal
raft2026/01/12 12:22:40 INFO: 1 no leader at term 14; dropping proposal
raft2026/01/12 12:22:40 INFO: 1 no leader at term 14; dropping proposal
raft2026/01/12 12:22:40 INFO: 1 no leader at term 14; dropping proposal
raft2026/01/12 12:22:41 INFO: 1 no leader at term 14; dropping proposal
raft2026/01/12 12:22:41 INFO: 1 no leader at term 14; dropping proposal
raft2026/01/12 12:22:44 INFO: 1 is starting a new election at term 14
raft2026/01/12 12:22:44 INFO: 1 became candidate at term 15
raft2026/01/12 12:22:44 INFO: 1 received MsgVoteResp from 1 at term 15
raft2026/01/12 12:22:44 INFO: 1 [logterm: 6, index: 8] sent MsgVote request to 2 at term 15
raft2026/01/12 12:22:44 INFO: 1 [logterm: 6, index: 8] sent MsgVote request to 3ed at term 15
2026/01/12 12:22:44 Send batch to store 2 failed: EOF
raft2026/01/12 12:22:51 INFO: 1 is starting a new election at term 15
raft2026/01/12 12:22:51 INFO: 1 became candidate at term 16
raft2026/01/12 12:22:51 INFO: 1 received MsgVoteResp from 1 at term 16
raft2026/01/12 12:22:51 INFO: 1 [logterm: 6, index: 8] sent MsgVote request to 2 at term 16
raft2026/01/12 12:22:51 INFO: 1 [logterm: 6, index: 8] sent MsgVote request to 3ed at term 16
raft2026/01/12 12:22:51 INFO: 1 received MsgVoteResp from 2 at term 16
raft2026/01/12 12:22:51 INFO: 1 has received 2 MsgVoteResp votes and 0 vote rejections
raft2026/01/12 12:22:51 INFO: 1 became leader at term 16
2026/01/12 12:22:52 Region 1 size 1151127 exceeds threshold, triggering split...
2026/01/12 12:22:52 [Split] Proposing split at key key-01000 for Region 1
2026/01/12 12:22:52 [Apply] Executing Split at key-01000
2026/01/12 12:22:52 Split Region B Peers: [id:11 store_id:1 id:12 store_id:2 id:13 store_id:4]
2026/01/12 12:22:52 [DEBUG] PeerStorage InitialState Voters: [11 12 13]
raft2026/01/12 12:22:52 INFO: b switched to configuration voters=(11 12 13)
raft2026/01/12 12:22:52 INFO: b became follower at term 5
raft2026/01/12 12:22:52 INFO: newRaft b [peers: [b,c,d], term: 5, commit: 5, applied: 5, lastindex: 5, lastterm: 5]
2026/01/12 12:22:52 Split finish. Region A: [, key-01000), Region B: [key-01000, )
2026/01/12 12:22:52 Registered new peer for Region 10
2026/01/12 12:22:53 Region 1 size 1151127 exceeds threshold, triggering split...
2026/01/12 12:22:53 Calculated split key key-01000 out of range, skip
2026/01/12 12:22:54 Region 1 size 1151127 exceeds threshold, triggering split...
2026/01/12 12:22:54 Calculated split key key-01000 out of range, skip
2026/01/12 12:22:55 Region 1 size 1151127 exceeds threshold, triggering split...
2026/01/12 12:22:55 Calculated split key key-01000 out of range, skip
2026/01/12 12:22:56 Region 1 size 1151127 exceeds threshold, triggering split...
2026/01/12 12:22:56 Calculated split key key-01000 out of range, skip
2026/01/12 12:22:57 Region 1 size 1151127 exceeds threshold, triggering split...
2026/01/12 12:22:57 Calculated split key key-01000 out of range, skip
2026/01/12 12:22:58 Region 1 size 1151127 exceeds threshold, triggering split...
2026/01/12 12:22:58 Calculated split key key-01000 out of range, skip
raft2026/01/12 12:22:58 INFO: b [term: 5] received a MsgVote message with higher term from c [term: 6]
raft2026/01/12 12:22:58 INFO: b became follower at term 6
raft2026/01/12 12:22:58 INFO: b [logterm: 5, index: 5, vote: 0] cast MsgVote for c [logterm: 5, index: 5] at term 6
2026/01/12 12:22:59 Region 1 size 1151127 exceeds threshold, triggering split...
2026/01/12 12:22:59 Calculated split key key-01000 out of range, skip
2026/01/12 12:22:59 Received shutdown signal...
2026/01/12 12:22:59 Stopping StoreWorker...
2026/01/12 12:22:59 Closing Transport...
2026/01/12 12:22:59 Stopping gRPC server (Graceful)...
2026/01/12 12:22:59 gRPC server stopped gracefully.
2026/01/12 12:22:59 TitanKV Server exit.
