2026/01/12 12:20:38 ----------------------------------------------------------------
2026/01/12 12:20:38 My Node ID: 3
2026/01/12 12:20:38 Cluster Config String: 1=127.0.0.1:9091,2=127.0.0.1:9092,3=127.0.0.1:9093,4=127.0.0.1:9094
2026/01/12 12:20:38 Parsed Peers Map: map[1:127.0.0.1:9091 2:127.0.0.1:9092 3:127.0.0.1:9093 4:127.0.0.1:9094]
2026/01/12 12:20:38 ----------------------------------------------------------------
2026/01/12 12:20:38 Opening storage at /tmp/node3 (DirectIO: true)...
[DBImpl] io_uring enabled.
[BlobStore] Recovered. NextFileID: 1
2026/01/12 12:20:38 Successfully registered store 3 to PD
2026/01/12 12:20:38 Starting RaftStore (Node 3)...
2026/01/12 12:20:38 Bootstrapping initial region for node 3
2026/01/12 12:20:38 [DEBUG] PeerStorage InitialState Voters: [1 2 3]
raft2026/01/12 12:20:38 INFO: 3 switched to configuration voters=(1 2 3)
raft2026/01/12 12:20:38 INFO: 3 became follower at term 0
raft2026/01/12 12:20:38 INFO: newRaft 3 [peers: [1,2,3], term: 0, commit: 0, applied: 0, lastindex: 0, lastterm: 0]
2026/01/12 12:20:38 Server listening on port 9093
2026/01/12 12:20:38 Pprof & Metrics listening on 0.0.0.0:6063
raft2026/01/12 12:20:43 INFO: 3 no leader at term 0; dropping proposal
raft2026/01/12 12:20:43 INFO: 3 no leader at term 0; dropping proposal
raft2026/01/12 12:20:43 INFO: 3 no leader at term 0; dropping proposal
raft2026/01/12 12:20:43 INFO: 3 no leader at term 0; dropping proposal
raft2026/01/12 12:20:43 INFO: 3 no leader at term 0; dropping proposal
raft2026/01/12 12:20:43 INFO: 3 no leader at term 0; dropping proposal
raft2026/01/12 12:20:43 INFO: 3 no leader at term 0; dropping proposal
raft2026/01/12 12:20:43 INFO: 3 no leader at term 0; dropping proposal
raft2026/01/12 12:20:43 INFO: 3 no leader at term 0; dropping proposal
raft2026/01/12 12:20:43 INFO: 3 no leader at term 0; dropping proposal
raft2026/01/12 12:20:43 INFO: 3 no leader at term 0; dropping proposal
raft2026/01/12 12:20:43 INFO: 3 no leader at term 0; dropping proposal
raft2026/01/12 12:20:43 INFO: 3 no leader at term 0; dropping proposal
raft2026/01/12 12:20:43 INFO: 3 no leader at term 0; dropping proposal
raft2026/01/12 12:20:43 INFO: 3 no leader at term 0; dropping proposal
raft2026/01/12 12:20:43 INFO: 3 no leader at term 0; dropping proposal
raft2026/01/12 12:20:43 INFO: 3 no leader at term 0; dropping proposal
raft2026/01/12 12:20:43 INFO: 3 no leader at term 0; dropping proposal
raft2026/01/12 12:20:43 INFO: 3 no leader at term 0; dropping proposal
raft2026/01/12 12:20:43 INFO: 3 no leader at term 0; dropping proposal
raft2026/01/12 12:20:43 INFO: 3 no leader at term 0; dropping proposal
raft2026/01/12 12:20:43 INFO: 3 no leader at term 0; dropping proposal
raft2026/01/12 12:20:43 INFO: 3 no leader at term 0; dropping proposal
raft2026/01/12 12:20:43 INFO: 3 no leader at term 0; dropping proposal
raft2026/01/12 12:20:43 INFO: 3 no leader at term 0; dropping proposal
raft2026/01/12 12:20:43 INFO: 3 no leader at term 0; dropping proposal
raft2026/01/12 12:20:43 INFO: 3 no leader at term 0; dropping proposal
raft2026/01/12 12:20:43 INFO: 3 no leader at term 0; dropping proposal
raft2026/01/12 12:20:43 INFO: 3 no leader at term 0; dropping proposal
raft2026/01/12 12:20:43 INFO: 3 no leader at term 0; dropping proposal
raft2026/01/12 12:20:43 INFO: 3 no leader at term 0; dropping proposal
raft2026/01/12 12:20:43 INFO: 3 no leader at term 0; dropping proposal
raft2026/01/12 12:20:43 INFO: 3 no leader at term 0; dropping proposal
raft2026/01/12 12:20:43 INFO: 3 no leader at term 0; dropping proposal
raft2026/01/12 12:20:43 INFO: 3 no leader at term 0; dropping proposal
raft2026/01/12 12:20:43 INFO: 3 no leader at term 0; dropping proposal
raft2026/01/12 12:20:43 INFO: 3 no leader at term 0; dropping proposal
raft2026/01/12 12:20:43 INFO: 3 no leader at term 0; dropping proposal
raft2026/01/12 12:20:43 INFO: 3 no leader at term 0; dropping proposal
raft2026/01/12 12:20:43 INFO: 3 no leader at term 0; dropping proposal
raft2026/01/12 12:20:43 INFO: 3 no leader at term 0; dropping proposal
raft2026/01/12 12:20:43 INFO: 3 no leader at term 0; dropping proposal
raft2026/01/12 12:20:43 INFO: 3 no leader at term 0; dropping proposal
raft2026/01/12 12:20:43 INFO: 3 no leader at term 0; dropping proposal
raft2026/01/12 12:20:43 INFO: 3 no leader at term 0; dropping proposal
raft2026/01/12 12:20:43 INFO: 3 no leader at term 0; dropping proposal
raft2026/01/12 12:20:43 INFO: 3 no leader at term 0; dropping proposal
raft2026/01/12 12:20:43 INFO: 3 no leader at term 0; dropping proposal
raft2026/01/12 12:20:43 INFO: 3 no leader at term 0; dropping proposal
raft2026/01/12 12:20:43 INFO: 3 no leader at term 0; dropping proposal
raft2026/01/12 12:20:43 INFO: 3 no leader at term 0; dropping proposal
raft2026/01/12 12:20:43 INFO: 3 no leader at term 0; dropping proposal
raft2026/01/12 12:20:43 INFO: 3 no leader at term 0; dropping proposal
raft2026/01/12 12:20:43 INFO: 3 no leader at term 0; dropping proposal
raft2026/01/12 12:20:43 INFO: 3 no leader at term 0; dropping proposal
raft2026/01/12 12:20:43 INFO: 3 no leader at term 0; dropping proposal
raft2026/01/12 12:20:43 INFO: 3 no leader at term 0; dropping proposal
raft2026/01/12 12:20:43 INFO: 3 no leader at term 0; dropping proposal
raft2026/01/12 12:20:43 INFO: 3 no leader at term 0; dropping proposal
raft2026/01/12 12:20:43 INFO: 3 no leader at term 0; dropping proposal
raft2026/01/12 12:20:43 INFO: 3 no leader at term 0; dropping proposal
raft2026/01/12 12:20:43 INFO: 3 no leader at term 0; dropping proposal
raft2026/01/12 12:20:43 INFO: 3 no leader at term 0; dropping proposal
raft2026/01/12 12:20:43 INFO: 3 no leader at term 0; dropping proposal
raft2026/01/12 12:20:43 INFO: 3 no leader at term 0; dropping proposal
raft2026/01/12 12:20:43 INFO: 3 no leader at term 0; dropping proposal
raft2026/01/12 12:20:43 INFO: 3 no leader at term 0; dropping proposal
raft2026/01/12 12:20:43 INFO: 3 no leader at term 0; dropping proposal
raft2026/01/12 12:20:43 INFO: 3 no leader at term 0; dropping proposal
raft2026/01/12 12:20:43 INFO: 3 no leader at term 0; dropping proposal
raft2026/01/12 12:20:43 INFO: 3 no leader at term 0; dropping proposal
raft2026/01/12 12:20:43 INFO: 3 no leader at term 0; dropping proposal
raft2026/01/12 12:20:43 INFO: 3 no leader at term 0; dropping proposal
raft2026/01/12 12:20:43 INFO: 3 no leader at term 0; dropping proposal
raft2026/01/12 12:20:43 INFO: 3 no leader at term 0; dropping proposal
raft2026/01/12 12:20:43 INFO: 3 no leader at term 0; dropping proposal
raft2026/01/12 12:20:43 INFO: 3 no leader at term 0; dropping proposal
raft2026/01/12 12:20:43 INFO: 3 no leader at term 0; dropping proposal
raft2026/01/12 12:20:43 INFO: 3 no leader at term 0; dropping proposal
raft2026/01/12 12:20:43 INFO: 3 no leader at term 0; dropping proposal
raft2026/01/12 12:20:43 INFO: 3 no leader at term 0; dropping proposal
raft2026/01/12 12:20:43 INFO: 3 no leader at term 0; dropping proposal
raft2026/01/12 12:20:43 INFO: 3 no leader at term 0; dropping proposal
raft2026/01/12 12:20:43 INFO: 3 no leader at term 0; dropping proposal
raft2026/01/12 12:20:43 INFO: 3 no leader at term 0; dropping proposal
raft2026/01/12 12:20:43 INFO: 3 no leader at term 0; dropping proposal
raft2026/01/12 12:20:43 INFO: 3 no leader at term 0; dropping proposal
raft2026/01/12 12:20:43 INFO: 3 no leader at term 0; dropping proposal
raft2026/01/12 12:20:43 INFO: 3 no leader at term 0; dropping proposal
raft2026/01/12 12:20:43 INFO: 3 no leader at term 0; dropping proposal
raft2026/01/12 12:20:43 INFO: 3 no leader at term 0; dropping proposal
raft2026/01/12 12:20:43 INFO: 3 no leader at term 0; dropping proposal
raft2026/01/12 12:20:43 INFO: 3 no leader at term 0; dropping proposal
raft2026/01/12 12:20:43 INFO: 3 no leader at term 0; dropping proposal
raft2026/01/12 12:20:43 INFO: 3 no leader at term 0; dropping proposal
raft2026/01/12 12:20:43 INFO: 3 no leader at term 0; dropping proposal
raft2026/01/12 12:20:43 INFO: 3 no leader at term 0; dropping proposal
raft2026/01/12 12:20:43 INFO: 3 no leader at term 0; dropping proposal
raft2026/01/12 12:20:43 INFO: 3 no leader at term 0; dropping proposal
raft2026/01/12 12:20:43 INFO: 3 no leader at term 0; dropping proposal
raft2026/01/12 12:20:43 INFO: 3 no leader at term 0; dropping proposal
raft2026/01/12 12:20:43 INFO: 3 no leader at term 0; dropping proposal
raft2026/01/12 12:20:43 INFO: 3 no leader at term 0; dropping proposal
raft2026/01/12 12:20:43 INFO: 3 no leader at term 0; dropping proposal
raft2026/01/12 12:20:43 INFO: 3 no leader at term 0; dropping proposal
raft2026/01/12 12:20:43 INFO: 3 no leader at term 0; dropping proposal
raft2026/01/12 12:20:43 INFO: 3 no leader at term 0; dropping proposal
raft2026/01/12 12:20:43 INFO: 3 no leader at term 0; dropping proposal
raft2026/01/12 12:20:43 INFO: 3 no leader at term 0; dropping proposal
raft2026/01/12 12:20:43 INFO: 3 no leader at term 0; dropping proposal
raft2026/01/12 12:20:43 INFO: 3 no leader at term 0; dropping proposal
raft2026/01/12 12:20:43 INFO: 3 no leader at term 0; dropping proposal
raft2026/01/12 12:20:43 INFO: 3 no leader at term 0; dropping proposal
raft2026/01/12 12:20:43 INFO: 3 no leader at term 0; dropping proposal
raft2026/01/12 12:20:43 INFO: 3 no leader at term 0; dropping proposal
raft2026/01/12 12:20:43 INFO: 3 no leader at term 0; dropping proposal
raft2026/01/12 12:20:43 INFO: 3 no leader at term 0; dropping proposal
raft2026/01/12 12:20:43 INFO: 3 no leader at term 0; dropping proposal
raft2026/01/12 12:20:43 INFO: 3 no leader at term 0; dropping proposal
raft2026/01/12 12:20:43 INFO: 3 no leader at term 0; dropping proposal
raft2026/01/12 12:20:43 INFO: 3 no leader at term 0; dropping proposal
raft2026/01/12 12:20:43 INFO: 3 no leader at term 0; dropping proposal
raft2026/01/12 12:20:43 INFO: 3 no leader at term 0; dropping proposal
raft2026/01/12 12:20:43 INFO: 3 no leader at term 0; dropping proposal
raft2026/01/12 12:20:43 INFO: 3 no leader at term 0; dropping proposal
raft2026/01/12 12:20:43 INFO: 3 no leader at term 0; dropping proposal
raft2026/01/12 12:20:43 INFO: 3 no leader at term 0; dropping proposal
raft2026/01/12 12:20:43 INFO: 3 no leader at term 0; dropping proposal
raft2026/01/12 12:20:43 INFO: 3 no leader at term 0; dropping proposal
raft2026/01/12 12:20:43 INFO: 3 no leader at term 0; dropping proposal
raft2026/01/12 12:20:43 INFO: 3 no leader at term 0; dropping proposal
raft2026/01/12 12:20:43 INFO: 3 no leader at term 0; dropping proposal
raft2026/01/12 12:20:43 INFO: 3 no leader at term 0; dropping proposal
raft2026/01/12 12:20:43 INFO: 3 no leader at term 0; dropping proposal
raft2026/01/12 12:20:43 INFO: 3 no leader at term 0; dropping proposal
raft2026/01/12 12:20:43 INFO: 3 no leader at term 0; dropping proposal
raft2026/01/12 12:20:43 INFO: 3 no leader at term 0; dropping proposal
raft2026/01/12 12:20:43 INFO: 3 no leader at term 0; dropping proposal
raft2026/01/12 12:20:43 INFO: 3 no leader at term 0; dropping proposal
raft2026/01/12 12:20:43 INFO: 3 no leader at term 0; dropping proposal
raft2026/01/12 12:20:43 INFO: 3 no leader at term 0; dropping proposal
raft2026/01/12 12:20:43 INFO: 3 no leader at term 0; dropping proposal
raft2026/01/12 12:20:43 INFO: 3 no leader at term 0; dropping proposal
raft2026/01/12 12:20:43 INFO: 3 no leader at term 0; dropping proposal
raft2026/01/12 12:20:43 INFO: 3 no leader at term 0; dropping proposal
raft2026/01/12 12:20:43 INFO: 3 no leader at term 0; dropping proposal
raft2026/01/12 12:20:43 INFO: 3 no leader at term 0; dropping proposal
raft2026/01/12 12:20:43 INFO: 3 no leader at term 0; dropping proposal
raft2026/01/12 12:20:43 INFO: 3 no leader at term 0; dropping proposal
raft2026/01/12 12:20:43 INFO: 3 no leader at term 0; dropping proposal
raft2026/01/12 12:20:43 INFO: 3 no leader at term 0; dropping proposal
raft2026/01/12 12:20:43 INFO: 3 no leader at term 0; dropping proposal
raft2026/01/12 12:20:43 INFO: 3 no leader at term 0; dropping proposal
raft2026/01/12 12:20:43 INFO: 3 no leader at term 0; dropping proposal
raft2026/01/12 12:20:43 INFO: 3 no leader at term 0; dropping proposal
raft2026/01/12 12:20:43 INFO: 3 no leader at term 0; dropping proposal
raft2026/01/12 12:20:43 INFO: 3 no leader at term 0; dropping proposal
raft2026/01/12 12:20:43 INFO: 3 no leader at term 0; dropping proposal
raft2026/01/12 12:20:43 INFO: 3 no leader at term 0; dropping proposal
raft2026/01/12 12:20:43 INFO: 3 no leader at term 0; dropping proposal
raft2026/01/12 12:20:43 INFO: 3 no leader at term 0; dropping proposal
raft2026/01/12 12:20:43 INFO: 3 no leader at term 0; dropping proposal
raft2026/01/12 12:20:43 INFO: 3 no leader at term 0; dropping proposal
raft2026/01/12 12:20:43 INFO: 3 no leader at term 0; dropping proposal
raft2026/01/12 12:20:43 INFO: 3 no leader at term 0; dropping proposal
raft2026/01/12 12:20:43 INFO: 3 no leader at term 0; dropping proposal
raft2026/01/12 12:20:43 INFO: 3 no leader at term 0; dropping proposal
raft2026/01/12 12:20:43 INFO: 3 no leader at term 0; dropping proposal
raft2026/01/12 12:20:43 INFO: 3 no leader at term 0; dropping proposal
raft2026/01/12 12:20:43 INFO: 3 no leader at term 0; dropping proposal
raft2026/01/12 12:20:43 INFO: 3 no leader at term 0; dropping proposal
raft2026/01/12 12:20:43 INFO: 3 no leader at term 0; dropping proposal
raft2026/01/12 12:20:43 INFO: 3 no leader at term 0; dropping proposal
raft2026/01/12 12:20:43 INFO: 3 no leader at term 0; dropping proposal
raft2026/01/12 12:20:43 INFO: 3 no leader at term 0; dropping proposal
raft2026/01/12 12:20:43 INFO: 3 no leader at term 0; dropping proposal
raft2026/01/12 12:20:43 INFO: 3 no leader at term 0; dropping proposal
raft2026/01/12 12:20:43 INFO: 3 no leader at term 0; dropping proposal
raft2026/01/12 12:20:43 INFO: 3 no leader at term 0; dropping proposal
raft2026/01/12 12:20:43 INFO: 3 no leader at term 0; dropping proposal
raft2026/01/12 12:20:43 INFO: 3 no leader at term 0; dropping proposal
raft2026/01/12 12:20:43 INFO: 3 no leader at term 0; dropping proposal
raft2026/01/12 12:20:43 INFO: 3 no leader at term 0; dropping proposal
raft2026/01/12 12:20:43 INFO: 3 no leader at term 0; dropping proposal
raft2026/01/12 12:20:43 INFO: 3 no leader at term 0; dropping proposal
raft2026/01/12 12:20:43 INFO: 3 no leader at term 0; dropping proposal
raft2026/01/12 12:20:43 INFO: 3 no leader at term 0; dropping proposal
raft2026/01/12 12:20:43 INFO: 3 no leader at term 0; dropping proposal
raft2026/01/12 12:20:43 INFO: 3 no leader at term 0; dropping proposal
raft2026/01/12 12:20:43 INFO: 3 no leader at term 0; dropping proposal
raft2026/01/12 12:20:43 INFO: 3 no leader at term 0; dropping proposal
raft2026/01/12 12:20:43 INFO: 3 no leader at term 0; dropping proposal
raft2026/01/12 12:20:43 INFO: 3 no leader at term 0; dropping proposal
raft2026/01/12 12:20:43 INFO: 3 no leader at term 0; dropping proposal
raft2026/01/12 12:20:43 INFO: 3 no leader at term 0; dropping proposal
raft2026/01/12 12:20:43 INFO: 3 no leader at term 0; dropping proposal
raft2026/01/12 12:20:43 INFO: 3 no leader at term 0; dropping proposal
raft2026/01/12 12:20:43 INFO: 3 no leader at term 0; dropping proposal
raft2026/01/12 12:20:43 INFO: 3 no leader at term 0; dropping proposal
raft2026/01/12 12:20:43 INFO: 3 no leader at term 0; dropping proposal
raft2026/01/12 12:20:43 INFO: 3 no leader at term 0; dropping proposal
raft2026/01/12 12:20:43 INFO: 3 no leader at term 0; dropping proposal
raft2026/01/12 12:20:43 INFO: 3 no leader at term 0; dropping proposal
raft2026/01/12 12:20:43 INFO: 3 no leader at term 0; dropping proposal
raft2026/01/12 12:20:43 INFO: 3 no leader at term 0; dropping proposal
raft2026/01/12 12:20:43 INFO: 3 no leader at term 0; dropping proposal
raft2026/01/12 12:20:43 INFO: 3 no leader at term 0; dropping proposal
raft2026/01/12 12:20:43 INFO: 3 no leader at term 0; dropping proposal
raft2026/01/12 12:20:43 INFO: 3 no leader at term 0; dropping proposal
raft2026/01/12 12:20:43 INFO: 3 no leader at term 0; dropping proposal
raft2026/01/12 12:20:43 INFO: 3 no leader at term 0; dropping proposal
raft2026/01/12 12:20:43 INFO: 3 no leader at term 0; dropping proposal
raft2026/01/12 12:20:43 INFO: 3 no leader at term 0; dropping proposal
raft2026/01/12 12:20:43 INFO: 3 no leader at term 0; dropping proposal
raft2026/01/12 12:20:43 INFO: 3 no leader at term 0; dropping proposal
raft2026/01/12 12:20:43 INFO: 3 no leader at term 0; dropping proposal
raft2026/01/12 12:20:43 INFO: 3 no leader at term 0; dropping proposal
raft2026/01/12 12:20:43 INFO: 3 no leader at term 0; dropping proposal
raft2026/01/12 12:20:43 INFO: 3 no leader at term 0; dropping proposal
raft2026/01/12 12:20:43 INFO: 3 no leader at term 0; dropping proposal
raft2026/01/12 12:20:43 INFO: 3 no leader at term 0; dropping proposal
raft2026/01/12 12:20:43 INFO: 3 no leader at term 0; dropping proposal
raft2026/01/12 12:20:43 INFO: 3 no leader at term 0; dropping proposal
raft2026/01/12 12:20:43 INFO: 3 no leader at term 0; dropping proposal
raft2026/01/12 12:20:43 INFO: 3 no leader at term 0; dropping proposal
raft2026/01/12 12:20:43 INFO: 3 no leader at term 0; dropping proposal
raft2026/01/12 12:20:43 INFO: 3 no leader at term 0; dropping proposal
raft2026/01/12 12:20:43 INFO: 3 no leader at term 0; dropping proposal
raft2026/01/12 12:20:43 INFO: 3 no leader at term 0; dropping proposal
raft2026/01/12 12:20:43 INFO: 3 no leader at term 0; dropping proposal
raft2026/01/12 12:20:43 INFO: 3 no leader at term 0; dropping proposal
raft2026/01/12 12:20:43 INFO: 3 no leader at term 0; dropping proposal
raft2026/01/12 12:20:43 INFO: 3 no leader at term 0; dropping proposal
raft2026/01/12 12:20:43 INFO: 3 no leader at term 0; dropping proposal
raft2026/01/12 12:20:43 INFO: 3 no leader at term 0; dropping proposal
raft2026/01/12 12:20:43 INFO: 3 no leader at term 0; dropping proposal
raft2026/01/12 12:20:43 INFO: 3 no leader at term 0; dropping proposal
raft2026/01/12 12:20:43 INFO: 3 no leader at term 0; dropping proposal
raft2026/01/12 12:20:43 INFO: 3 no leader at term 0; dropping proposal
raft2026/01/12 12:20:43 INFO: 3 no leader at term 0; dropping proposal
raft2026/01/12 12:20:43 INFO: 3 no leader at term 0; dropping proposal
raft2026/01/12 12:20:43 INFO: 3 no leader at term 0; dropping proposal
raft2026/01/12 12:20:43 INFO: 3 no leader at term 0; dropping proposal
raft2026/01/12 12:20:43 INFO: 3 no leader at term 0; dropping proposal
raft2026/01/12 12:20:43 INFO: 3 no leader at term 0; dropping proposal
raft2026/01/12 12:20:43 INFO: 3 no leader at term 0; dropping proposal
raft2026/01/12 12:20:43 INFO: 3 no leader at term 0; dropping proposal
raft2026/01/12 12:20:43 INFO: 3 no leader at term 0; dropping proposal
raft2026/01/12 12:20:43 INFO: 3 no leader at term 0; dropping proposal
raft2026/01/12 12:20:43 INFO: 3 no leader at term 0; dropping proposal
raft2026/01/12 12:20:43 INFO: 3 no leader at term 0; dropping proposal
raft2026/01/12 12:20:43 INFO: 3 no leader at term 0; dropping proposal
raft2026/01/12 12:20:43 INFO: 3 no leader at term 0; dropping proposal
raft2026/01/12 12:20:43 INFO: 3 no leader at term 0; dropping proposal
raft2026/01/12 12:20:43 INFO: 3 no leader at term 0; dropping proposal
raft2026/01/12 12:20:43 INFO: 3 no leader at term 0; dropping proposal
raft2026/01/12 12:20:43 INFO: 3 no leader at term 0; dropping proposal
raft2026/01/12 12:20:43 INFO: 3 no leader at term 0; dropping proposal
raft2026/01/12 12:20:43 INFO: 3 no leader at term 0; dropping proposal
raft2026/01/12 12:20:43 INFO: 3 no leader at term 0; dropping proposal
raft2026/01/12 12:20:43 INFO: 3 no leader at term 0; dropping proposal
raft2026/01/12 12:20:43 INFO: 3 no leader at term 0; dropping proposal
raft2026/01/12 12:20:43 INFO: 3 no leader at term 0; dropping proposal
raft2026/01/12 12:20:43 INFO: 3 no leader at term 0; dropping proposal
raft2026/01/12 12:20:43 INFO: 3 no leader at term 0; dropping proposal
raft2026/01/12 12:20:43 INFO: 3 no leader at term 0; dropping proposal
raft2026/01/12 12:20:43 INFO: 3 no leader at term 0; dropping proposal
raft2026/01/12 12:20:43 INFO: 3 no leader at term 0; dropping proposal
raft2026/01/12 12:20:43 INFO: 3 no leader at term 0; dropping proposal
raft2026/01/12 12:20:43 INFO: 3 no leader at term 0; dropping proposal
raft2026/01/12 12:20:43 INFO: 3 no leader at term 0; dropping proposal
raft2026/01/12 12:20:43 INFO: 3 no leader at term 0; dropping proposal
raft2026/01/12 12:20:43 INFO: 3 no leader at term 0; dropping proposal
raft2026/01/12 12:20:43 INFO: 3 no leader at term 0; dropping proposal
raft2026/01/12 12:20:43 INFO: 3 no leader at term 0; dropping proposal
raft2026/01/12 12:20:43 INFO: 3 no leader at term 0; dropping proposal
raft2026/01/12 12:20:43 INFO: 3 no leader at term 0; dropping proposal
raft2026/01/12 12:20:43 INFO: 3 no leader at term 0; dropping proposal
raft2026/01/12 12:20:43 INFO: 3 no leader at term 0; dropping proposal
raft2026/01/12 12:20:43 INFO: 3 no leader at term 0; dropping proposal
raft2026/01/12 12:20:43 INFO: 3 no leader at term 0; dropping proposal
raft2026/01/12 12:20:43 INFO: 3 no leader at term 0; dropping proposal
raft2026/01/12 12:20:43 INFO: 3 no leader at term 0; dropping proposal
raft2026/01/12 12:20:43 INFO: 3 no leader at term 0; dropping proposal
raft2026/01/12 12:20:43 INFO: 3 no leader at term 0; dropping proposal
raft2026/01/12 12:20:43 INFO: 3 no leader at term 0; dropping proposal
raft2026/01/12 12:20:43 INFO: 3 no leader at term 0; dropping proposal
raft2026/01/12 12:20:43 INFO: 3 no leader at term 0; dropping proposal
raft2026/01/12 12:20:43 INFO: 3 no leader at term 0; dropping proposal
raft2026/01/12 12:20:43 INFO: 3 no leader at term 0; dropping proposal
raft2026/01/12 12:20:43 INFO: 3 no leader at term 0; dropping proposal
raft2026/01/12 12:20:43 INFO: 3 no leader at term 0; dropping proposal
raft2026/01/12 12:20:43 INFO: 3 no leader at term 0; dropping proposal
raft2026/01/12 12:20:43 INFO: 3 no leader at term 0; dropping proposal
raft2026/01/12 12:20:43 INFO: 3 no leader at term 0; dropping proposal
raft2026/01/12 12:20:43 INFO: 3 no leader at term 0; dropping proposal
raft2026/01/12 12:20:43 INFO: 3 no leader at term 0; dropping proposal
raft2026/01/12 12:20:43 INFO: 3 no leader at term 0; dropping proposal
raft2026/01/12 12:20:43 INFO: 3 no leader at term 0; dropping proposal
raft2026/01/12 12:20:43 INFO: 3 no leader at term 0; dropping proposal
raft2026/01/12 12:20:43 INFO: 3 no leader at term 0; dropping proposal
raft2026/01/12 12:20:43 INFO: 3 no leader at term 0; dropping proposal
raft2026/01/12 12:20:43 INFO: 3 no leader at term 0; dropping proposal
raft2026/01/12 12:20:43 INFO: 3 no leader at term 0; dropping proposal
raft2026/01/12 12:20:43 INFO: 3 no leader at term 0; dropping proposal
raft2026/01/12 12:20:43 INFO: 3 no leader at term 0; dropping proposal
raft2026/01/12 12:20:43 INFO: 3 no leader at term 0; dropping proposal
raft2026/01/12 12:20:43 INFO: 3 no leader at term 0; dropping proposal
raft2026/01/12 12:20:43 INFO: 3 no leader at term 0; dropping proposal
raft2026/01/12 12:20:43 INFO: 3 no leader at term 0; dropping proposal
raft2026/01/12 12:20:43 INFO: 3 no leader at term 0; dropping proposal
raft2026/01/12 12:20:43 INFO: 3 no leader at term 0; dropping proposal
raft2026/01/12 12:20:43 INFO: 3 no leader at term 0; dropping proposal
raft2026/01/12 12:20:43 INFO: 3 no leader at term 0; dropping proposal
raft2026/01/12 12:20:43 INFO: 3 no leader at term 0; dropping proposal
raft2026/01/12 12:20:43 INFO: 3 no leader at term 0; dropping proposal
raft2026/01/12 12:20:43 INFO: 3 no leader at term 0; dropping proposal
raft2026/01/12 12:20:43 INFO: 3 no leader at term 0; dropping proposal
raft2026/01/12 12:20:43 INFO: 3 no leader at term 0; dropping proposal
raft2026/01/12 12:20:43 INFO: 3 no leader at term 0; dropping proposal
raft2026/01/12 12:20:43 INFO: 3 no leader at term 0; dropping proposal
raft2026/01/12 12:20:43 INFO: 3 no leader at term 0; dropping proposal
raft2026/01/12 12:20:44 INFO: 3 no leader at term 0; dropping proposal
raft2026/01/12 12:20:44 INFO: 3 no leader at term 0; dropping proposal
raft2026/01/12 12:20:44 INFO: 3 no leader at term 0; dropping proposal
raft2026/01/12 12:20:44 INFO: 3 no leader at term 0; dropping proposal
raft2026/01/12 12:20:44 INFO: 3 no leader at term 0; dropping proposal
raft2026/01/12 12:20:44 INFO: 3 no leader at term 0; dropping proposal
raft2026/01/12 12:20:44 INFO: 3 no leader at term 0; dropping proposal
raft2026/01/12 12:20:44 INFO: 3 no leader at term 0; dropping proposal
raft2026/01/12 12:20:44 INFO: 3 no leader at term 0; dropping proposal
raft2026/01/12 12:20:44 INFO: 3 no leader at term 0; dropping proposal
raft2026/01/12 12:20:44 INFO: 3 no leader at term 0; dropping proposal
raft2026/01/12 12:20:44 INFO: 3 no leader at term 0; dropping proposal
raft2026/01/12 12:20:44 INFO: 3 no leader at term 0; dropping proposal
raft2026/01/12 12:20:44 INFO: 3 no leader at term 0; dropping proposal
raft2026/01/12 12:20:44 INFO: 3 no leader at term 0; dropping proposal
raft2026/01/12 12:20:44 INFO: 3 no leader at term 0; dropping proposal
raft2026/01/12 12:20:44 INFO: 3 no leader at term 0; dropping proposal
raft2026/01/12 12:20:44 INFO: 3 no leader at term 0; dropping proposal
raft2026/01/12 12:20:44 INFO: 3 no leader at term 0; dropping proposal
raft2026/01/12 12:20:44 INFO: 3 no leader at term 0; dropping proposal
raft2026/01/12 12:20:44 INFO: 3 no leader at term 0; dropping proposal
raft2026/01/12 12:20:44 INFO: 3 no leader at term 0; dropping proposal
raft2026/01/12 12:20:44 INFO: 3 no leader at term 0; dropping proposal
raft2026/01/12 12:20:44 INFO: 3 no leader at term 0; dropping proposal
raft2026/01/12 12:20:44 INFO: 3 no leader at term 0; dropping proposal
raft2026/01/12 12:20:44 INFO: 3 no leader at term 0; dropping proposal
raft2026/01/12 12:20:44 INFO: 3 no leader at term 0; dropping proposal
raft2026/01/12 12:20:44 INFO: 3 no leader at term 0; dropping proposal
raft2026/01/12 12:20:44 INFO: 3 no leader at term 0; dropping proposal
raft2026/01/12 12:20:44 INFO: 3 no leader at term 0; dropping proposal
raft2026/01/12 12:20:44 INFO: 3 no leader at term 0; dropping proposal
raft2026/01/12 12:20:44 INFO: 3 no leader at term 0; dropping proposal
raft2026/01/12 12:20:44 INFO: 3 no leader at term 0; dropping proposal
raft2026/01/12 12:20:44 INFO: 3 no leader at term 0; dropping proposal
raft2026/01/12 12:20:44 INFO: 3 no leader at term 0; dropping proposal
raft2026/01/12 12:20:44 INFO: 3 no leader at term 0; dropping proposal
raft2026/01/12 12:20:44 INFO: 3 no leader at term 0; dropping proposal
raft2026/01/12 12:20:44 INFO: 3 no leader at term 0; dropping proposal
raft2026/01/12 12:20:44 INFO: 3 no leader at term 0; dropping proposal
raft2026/01/12 12:20:44 INFO: 3 no leader at term 0; dropping proposal
raft2026/01/12 12:20:44 INFO: 3 no leader at term 0; dropping proposal
raft2026/01/12 12:20:44 INFO: 3 no leader at term 0; dropping proposal
raft2026/01/12 12:20:44 INFO: 3 no leader at term 0; dropping proposal
raft2026/01/12 12:20:44 INFO: 3 no leader at term 0; dropping proposal
raft2026/01/12 12:20:44 INFO: 3 no leader at term 0; dropping proposal
raft2026/01/12 12:20:44 INFO: 3 no leader at term 0; dropping proposal
raft2026/01/12 12:20:44 INFO: 3 no leader at term 0; dropping proposal
raft2026/01/12 12:20:44 INFO: 3 no leader at term 0; dropping proposal
raft2026/01/12 12:20:44 INFO: 3 no leader at term 0; dropping proposal
raft2026/01/12 12:20:44 INFO: 3 no leader at term 0; dropping proposal
raft2026/01/12 12:20:44 INFO: 3 no leader at term 0; dropping proposal
raft2026/01/12 12:20:44 INFO: 3 no leader at term 0; dropping proposal
raft2026/01/12 12:20:44 INFO: 3 no leader at term 0; dropping proposal
raft2026/01/12 12:20:44 INFO: 3 no leader at term 0; dropping proposal
raft2026/01/12 12:20:44 INFO: 3 no leader at term 0; dropping proposal
raft2026/01/12 12:20:44 INFO: 3 no leader at term 0; dropping proposal
raft2026/01/12 12:20:44 INFO: 3 no leader at term 0; dropping proposal
raft2026/01/12 12:20:44 INFO: 3 no leader at term 0; dropping proposal
raft2026/01/12 12:20:44 INFO: 3 no leader at term 0; dropping proposal
raft2026/01/12 12:20:44 INFO: 3 no leader at term 0; dropping proposal
raft2026/01/12 12:20:44 INFO: 3 no leader at term 0; dropping proposal
raft2026/01/12 12:20:44 INFO: 3 no leader at term 0; dropping proposal
raft2026/01/12 12:20:44 INFO: 3 no leader at term 0; dropping proposal
raft2026/01/12 12:20:44 INFO: 3 no leader at term 0; dropping proposal
raft2026/01/12 12:20:44 INFO: 3 no leader at term 0; dropping proposal
raft2026/01/12 12:20:44 INFO: 3 no leader at term 0; dropping proposal
raft2026/01/12 12:20:44 INFO: 3 no leader at term 0; dropping proposal
raft2026/01/12 12:20:44 INFO: 3 no leader at term 0; dropping proposal
raft2026/01/12 12:20:44 INFO: 3 no leader at term 0; dropping proposal
raft2026/01/12 12:20:44 INFO: 3 no leader at term 0; dropping proposal
raft2026/01/12 12:20:44 INFO: 3 no leader at term 0; dropping proposal
raft2026/01/12 12:20:44 INFO: 3 no leader at term 0; dropping proposal
raft2026/01/12 12:20:44 INFO: 3 no leader at term 0; dropping proposal
raft2026/01/12 12:20:44 INFO: 3 no leader at term 0; dropping proposal
raft2026/01/12 12:20:44 INFO: 3 no leader at term 0; dropping proposal
raft2026/01/12 12:20:44 INFO: 3 no leader at term 0; dropping proposal
raft2026/01/12 12:20:44 INFO: 3 no leader at term 0; dropping proposal
raft2026/01/12 12:20:44 INFO: 3 no leader at term 0; dropping proposal
raft2026/01/12 12:20:44 INFO: 3 no leader at term 0; dropping proposal
raft2026/01/12 12:20:44 INFO: 3 no leader at term 0; dropping proposal
raft2026/01/12 12:20:44 INFO: 3 no leader at term 0; dropping proposal
raft2026/01/12 12:20:44 INFO: 3 no leader at term 0; dropping proposal
raft2026/01/12 12:20:44 INFO: 3 no leader at term 0; dropping proposal
raft2026/01/12 12:20:44 INFO: 3 no leader at term 0; dropping proposal
raft2026/01/12 12:20:44 INFO: 3 no leader at term 0; dropping proposal
raft2026/01/12 12:20:44 INFO: 3 no leader at term 0; dropping proposal
raft2026/01/12 12:20:44 INFO: 3 no leader at term 0; dropping proposal
raft2026/01/12 12:20:44 INFO: 3 no leader at term 0; dropping proposal
raft2026/01/12 12:20:44 INFO: 3 no leader at term 0; dropping proposal
raft2026/01/12 12:20:44 INFO: 3 no leader at term 0; dropping proposal
raft2026/01/12 12:20:44 INFO: 3 no leader at term 0; dropping proposal
raft2026/01/12 12:20:44 INFO: 3 no leader at term 0; dropping proposal
raft2026/01/12 12:20:44 INFO: 3 no leader at term 0; dropping proposal
raft2026/01/12 12:20:44 INFO: 3 no leader at term 0; dropping proposal
raft2026/01/12 12:20:44 INFO: 3 no leader at term 0; dropping proposal
raft2026/01/12 12:20:44 INFO: 3 no leader at term 0; dropping proposal
raft2026/01/12 12:20:44 INFO: 3 no leader at term 0; dropping proposal
raft2026/01/12 12:20:44 INFO: 3 no leader at term 0; dropping proposal
raft2026/01/12 12:20:44 INFO: 3 no leader at term 0; dropping proposal
raft2026/01/12 12:20:44 INFO: 3 no leader at term 0; dropping proposal
raft2026/01/12 12:20:44 INFO: 3 no leader at term 0; dropping proposal
raft2026/01/12 12:20:44 INFO: 3 no leader at term 0; dropping proposal
raft2026/01/12 12:20:44 INFO: 3 no leader at term 0; dropping proposal
raft2026/01/12 12:20:44 INFO: 3 no leader at term 0; dropping proposal
raft2026/01/12 12:20:44 INFO: 3 no leader at term 0; dropping proposal
raft2026/01/12 12:20:44 INFO: 3 no leader at term 0; dropping proposal
raft2026/01/12 12:20:44 INFO: 3 no leader at term 0; dropping proposal
raft2026/01/12 12:20:44 INFO: 3 no leader at term 0; dropping proposal
raft2026/01/12 12:20:44 INFO: 3 no leader at term 0; dropping proposal
raft2026/01/12 12:20:44 INFO: 3 no leader at term 0; dropping proposal
raft2026/01/12 12:20:44 INFO: 3 no leader at term 0; dropping proposal
raft2026/01/12 12:20:44 INFO: 3 no leader at term 0; dropping proposal
raft2026/01/12 12:20:44 INFO: 3 no leader at term 0; dropping proposal
raft2026/01/12 12:20:44 INFO: 3 no leader at term 0; dropping proposal
raft2026/01/12 12:20:44 INFO: 3 no leader at term 0; dropping proposal
raft2026/01/12 12:20:44 INFO: 3 no leader at term 0; dropping proposal
raft2026/01/12 12:20:44 INFO: 3 no leader at term 0; dropping proposal
raft2026/01/12 12:20:44 INFO: 3 no leader at term 0; dropping proposal
raft2026/01/12 12:20:44 INFO: 3 no leader at term 0; dropping proposal
raft2026/01/12 12:20:44 INFO: 3 no leader at term 0; dropping proposal
raft2026/01/12 12:20:44 INFO: 3 no leader at term 0; dropping proposal
raft2026/01/12 12:20:44 INFO: 3 no leader at term 0; dropping proposal
raft2026/01/12 12:20:44 INFO: 3 no leader at term 0; dropping proposal
raft2026/01/12 12:20:44 INFO: 3 no leader at term 0; dropping proposal
raft2026/01/12 12:20:44 INFO: 3 no leader at term 0; dropping proposal
raft2026/01/12 12:20:44 INFO: 3 no leader at term 0; dropping proposal
raft2026/01/12 12:20:44 INFO: 3 no leader at term 0; dropping proposal
raft2026/01/12 12:20:44 INFO: 3 no leader at term 0; dropping proposal
raft2026/01/12 12:20:44 INFO: 3 no leader at term 0; dropping proposal
raft2026/01/12 12:20:44 INFO: 3 no leader at term 0; dropping proposal
raft2026/01/12 12:20:44 INFO: 3 no leader at term 0; dropping proposal
raft2026/01/12 12:20:44 INFO: 3 no leader at term 0; dropping proposal
raft2026/01/12 12:20:44 INFO: 3 no leader at term 0; dropping proposal
raft2026/01/12 12:20:44 INFO: 3 no leader at term 0; dropping proposal
raft2026/01/12 12:20:44 INFO: 3 no leader at term 0; dropping proposal
raft2026/01/12 12:20:44 INFO: 3 no leader at term 0; dropping proposal
raft2026/01/12 12:20:44 INFO: 3 no leader at term 0; dropping proposal
raft2026/01/12 12:20:44 INFO: 3 no leader at term 0; dropping proposal
raft2026/01/12 12:20:44 INFO: 3 no leader at term 0; dropping proposal
raft2026/01/12 12:20:44 INFO: 3 no leader at term 0; dropping proposal
raft2026/01/12 12:20:44 INFO: 3 no leader at term 0; dropping proposal
raft2026/01/12 12:20:44 INFO: 3 no leader at term 0; dropping proposal
raft2026/01/12 12:20:44 INFO: 3 no leader at term 0; dropping proposal
raft2026/01/12 12:20:44 INFO: 3 no leader at term 0; dropping proposal
raft2026/01/12 12:20:44 INFO: 3 no leader at term 0; dropping proposal
raft2026/01/12 12:20:44 INFO: 3 no leader at term 0; dropping proposal
raft2026/01/12 12:20:44 INFO: 3 no leader at term 0; dropping proposal
raft2026/01/12 12:20:44 INFO: 3 no leader at term 0; dropping proposal
raft2026/01/12 12:20:44 INFO: 3 no leader at term 0; dropping proposal
raft2026/01/12 12:20:44 INFO: 3 no leader at term 0; dropping proposal
raft2026/01/12 12:20:44 INFO: 3 no leader at term 0; dropping proposal
raft2026/01/12 12:20:44 INFO: 3 no leader at term 0; dropping proposal
raft2026/01/12 12:20:44 INFO: 3 no leader at term 0; dropping proposal
raft2026/01/12 12:20:44 INFO: 3 no leader at term 0; dropping proposal
raft2026/01/12 12:20:44 INFO: 3 no leader at term 0; dropping proposal
raft2026/01/12 12:20:44 INFO: 3 no leader at term 0; dropping proposal
raft2026/01/12 12:20:44 INFO: 3 no leader at term 0; dropping proposal
raft2026/01/12 12:20:44 INFO: 3 no leader at term 0; dropping proposal
raft2026/01/12 12:20:44 INFO: 3 no leader at term 0; dropping proposal
raft2026/01/12 12:20:44 INFO: 3 no leader at term 0; dropping proposal
raft2026/01/12 12:20:44 INFO: 3 no leader at term 0; dropping proposal
raft2026/01/12 12:20:44 INFO: 3 no leader at term 0; dropping proposal
raft2026/01/12 12:20:44 INFO: 3 no leader at term 0; dropping proposal
raft2026/01/12 12:20:44 INFO: 3 no leader at term 0; dropping proposal
raft2026/01/12 12:20:44 INFO: 3 no leader at term 0; dropping proposal
raft2026/01/12 12:20:44 INFO: 3 no leader at term 0; dropping proposal
raft2026/01/12 12:20:44 INFO: 3 no leader at term 0; dropping proposal
raft2026/01/12 12:20:44 INFO: 3 no leader at term 0; dropping proposal
raft2026/01/12 12:20:44 INFO: 3 no leader at term 0; dropping proposal
raft2026/01/12 12:20:44 INFO: 3 no leader at term 0; dropping proposal
raft2026/01/12 12:20:44 INFO: 3 no leader at term 0; dropping proposal
raft2026/01/12 12:20:44 INFO: 3 no leader at term 0; dropping proposal
raft2026/01/12 12:20:44 INFO: 3 no leader at term 0; dropping proposal
raft2026/01/12 12:20:44 INFO: 3 no leader at term 0; dropping proposal
raft2026/01/12 12:20:44 INFO: 3 no leader at term 0; dropping proposal
raft2026/01/12 12:20:44 INFO: 3 no leader at term 0; dropping proposal
raft2026/01/12 12:20:44 INFO: 3 no leader at term 0; dropping proposal
raft2026/01/12 12:20:44 INFO: 3 no leader at term 0; dropping proposal
raft2026/01/12 12:20:44 INFO: 3 no leader at term 0; dropping proposal
raft2026/01/12 12:20:44 INFO: 3 no leader at term 0; dropping proposal
raft2026/01/12 12:20:44 INFO: 3 no leader at term 0; dropping proposal
raft2026/01/12 12:20:44 INFO: 3 no leader at term 0; dropping proposal
raft2026/01/12 12:20:44 INFO: 3 no leader at term 0; dropping proposal
raft2026/01/12 12:20:44 INFO: 3 no leader at term 0; dropping proposal
raft2026/01/12 12:20:44 INFO: 3 no leader at term 0; dropping proposal
raft2026/01/12 12:20:44 INFO: 3 no leader at term 0; dropping proposal
raft2026/01/12 12:20:44 INFO: 3 no leader at term 0; dropping proposal
raft2026/01/12 12:20:44 INFO: 3 no leader at term 0; dropping proposal
raft2026/01/12 12:20:44 INFO: 3 no leader at term 0; dropping proposal
raft2026/01/12 12:20:44 INFO: 3 no leader at term 0; dropping proposal
raft2026/01/12 12:20:44 INFO: 3 no leader at term 0; dropping proposal
raft2026/01/12 12:20:44 INFO: 3 no leader at term 0; dropping proposal
raft2026/01/12 12:20:44 INFO: 3 no leader at term 0; dropping proposal
raft2026/01/12 12:20:44 INFO: 3 no leader at term 0; dropping proposal
raft2026/01/12 12:20:44 INFO: 3 no leader at term 0; dropping proposal
raft2026/01/12 12:20:44 INFO: 3 no leader at term 0; dropping proposal
raft2026/01/12 12:20:44 INFO: 3 no leader at term 0; dropping proposal
raft2026/01/12 12:20:44 INFO: 3 no leader at term 0; dropping proposal
raft2026/01/12 12:20:44 INFO: 3 no leader at term 0; dropping proposal
raft2026/01/12 12:20:44 INFO: 3 no leader at term 0; dropping proposal
raft2026/01/12 12:20:44 INFO: 3 no leader at term 0; dropping proposal
raft2026/01/12 12:20:44 INFO: 3 no leader at term 0; dropping proposal
raft2026/01/12 12:20:44 INFO: 3 no leader at term 0; dropping proposal
raft2026/01/12 12:20:44 INFO: 3 no leader at term 0; dropping proposal
raft2026/01/12 12:20:44 INFO: 3 no leader at term 0; dropping proposal
raft2026/01/12 12:20:44 INFO: 3 no leader at term 0; dropping proposal
raft2026/01/12 12:20:44 INFO: 3 no leader at term 0; dropping proposal
raft2026/01/12 12:20:44 INFO: 3 no leader at term 0; dropping proposal
raft2026/01/12 12:20:44 INFO: 3 no leader at term 0; dropping proposal
raft2026/01/12 12:20:44 INFO: 3 no leader at term 0; dropping proposal
raft2026/01/12 12:20:44 INFO: 3 no leader at term 0; dropping proposal
raft2026/01/12 12:20:44 INFO: 3 no leader at term 0; dropping proposal
raft2026/01/12 12:20:44 INFO: 3 no leader at term 0; dropping proposal
raft2026/01/12 12:20:44 INFO: 3 no leader at term 0; dropping proposal
raft2026/01/12 12:20:44 INFO: 3 no leader at term 0; dropping proposal
raft2026/01/12 12:20:44 INFO: 3 no leader at term 0; dropping proposal
raft2026/01/12 12:20:44 INFO: 3 no leader at term 0; dropping proposal
raft2026/01/12 12:20:44 INFO: 3 no leader at term 0; dropping proposal
raft2026/01/12 12:20:44 INFO: 3 no leader at term 0; dropping proposal
raft2026/01/12 12:20:44 INFO: 3 no leader at term 0; dropping proposal
raft2026/01/12 12:20:44 INFO: 3 no leader at term 0; dropping proposal
raft2026/01/12 12:20:44 INFO: 3 no leader at term 0; dropping proposal
raft2026/01/12 12:20:44 INFO: 3 no leader at term 0; dropping proposal
raft2026/01/12 12:20:44 INFO: 3 no leader at term 0; dropping proposal
raft2026/01/12 12:20:44 INFO: 3 no leader at term 0; dropping proposal
raft2026/01/12 12:20:44 INFO: 3 no leader at term 0; dropping proposal
raft2026/01/12 12:20:44 INFO: 3 no leader at term 0; dropping proposal
raft2026/01/12 12:20:44 INFO: 3 no leader at term 0; dropping proposal
raft2026/01/12 12:20:44 INFO: 3 no leader at term 0; dropping proposal
raft2026/01/12 12:20:44 INFO: 3 no leader at term 0; dropping proposal
raft2026/01/12 12:20:44 INFO: 3 no leader at term 0; dropping proposal
raft2026/01/12 12:20:44 INFO: 3 no leader at term 0; dropping proposal
raft2026/01/12 12:20:44 INFO: 3 no leader at term 0; dropping proposal
raft2026/01/12 12:20:44 INFO: 3 no leader at term 0; dropping proposal
raft2026/01/12 12:20:44 INFO: 3 no leader at term 0; dropping proposal
raft2026/01/12 12:20:44 INFO: 3 no leader at term 0; dropping proposal
raft2026/01/12 12:20:44 INFO: 3 no leader at term 0; dropping proposal
raft2026/01/12 12:20:44 INFO: 3 no leader at term 0; dropping proposal
raft2026/01/12 12:20:44 INFO: 3 no leader at term 0; dropping proposal
raft2026/01/12 12:20:44 INFO: 3 no leader at term 0; dropping proposal
raft2026/01/12 12:20:44 INFO: 3 no leader at term 0; dropping proposal
raft2026/01/12 12:20:44 INFO: 3 no leader at term 0; dropping proposal
raft2026/01/12 12:20:44 INFO: 3 no leader at term 0; dropping proposal
raft2026/01/12 12:20:44 INFO: 3 no leader at term 0; dropping proposal
raft2026/01/12 12:20:44 INFO: 3 no leader at term 0; dropping proposal
raft2026/01/12 12:20:44 INFO: 3 no leader at term 0; dropping proposal
raft2026/01/12 12:20:44 INFO: 3 no leader at term 0; dropping proposal
raft2026/01/12 12:20:44 INFO: 3 no leader at term 0; dropping proposal
raft2026/01/12 12:20:44 INFO: 3 no leader at term 0; dropping proposal
raft2026/01/12 12:20:44 INFO: 3 no leader at term 0; dropping proposal
raft2026/01/12 12:20:44 INFO: 3 no leader at term 0; dropping proposal
raft2026/01/12 12:20:44 INFO: 3 no leader at term 0; dropping proposal
raft2026/01/12 12:20:44 INFO: 3 no leader at term 0; dropping proposal
raft2026/01/12 12:20:44 INFO: 3 no leader at term 0; dropping proposal
raft2026/01/12 12:20:44 INFO: 3 no leader at term 0; dropping proposal
raft2026/01/12 12:20:44 INFO: 3 no leader at term 0; dropping proposal
raft2026/01/12 12:20:44 INFO: 3 no leader at term 0; dropping proposal
raft2026/01/12 12:20:44 INFO: 3 no leader at term 0; dropping proposal
raft2026/01/12 12:20:44 INFO: 3 no leader at term 0; dropping proposal
raft2026/01/12 12:20:44 INFO: 3 no leader at term 0; dropping proposal
raft2026/01/12 12:20:44 INFO: 3 no leader at term 0; dropping proposal
raft2026/01/12 12:20:44 INFO: 3 no leader at term 0; dropping proposal
raft2026/01/12 12:20:44 INFO: 3 no leader at term 0; dropping proposal
raft2026/01/12 12:20:44 INFO: 3 no leader at term 0; dropping proposal
raft2026/01/12 12:20:44 INFO: 3 no leader at term 0; dropping proposal
raft2026/01/12 12:20:44 INFO: 3 no leader at term 0; dropping proposal
raft2026/01/12 12:20:44 INFO: 3 no leader at term 0; dropping proposal
raft2026/01/12 12:20:44 INFO: 3 no leader at term 0; dropping proposal
raft2026/01/12 12:20:44 INFO: 3 no leader at term 0; dropping proposal
raft2026/01/12 12:20:44 INFO: 3 no leader at term 0; dropping proposal
raft2026/01/12 12:20:44 INFO: 3 no leader at term 0; dropping proposal
raft2026/01/12 12:20:44 INFO: 3 no leader at term 0; dropping proposal
raft2026/01/12 12:20:44 INFO: 3 no leader at term 0; dropping proposal
raft2026/01/12 12:20:44 INFO: 3 no leader at term 0; dropping proposal
raft2026/01/12 12:20:44 INFO: 3 no leader at term 0; dropping proposal
raft2026/01/12 12:20:44 INFO: 3 no leader at term 0; dropping proposal
raft2026/01/12 12:20:44 INFO: 3 no leader at term 0; dropping proposal
raft2026/01/12 12:20:44 INFO: 3 no leader at term 0; dropping proposal
raft2026/01/12 12:20:44 INFO: 3 no leader at term 0; dropping proposal
raft2026/01/12 12:20:44 INFO: 3 no leader at term 0; dropping proposal
raft2026/01/12 12:20:44 INFO: 3 no leader at term 0; dropping proposal
raft2026/01/12 12:20:44 INFO: 3 no leader at term 0; dropping proposal
raft2026/01/12 12:20:44 INFO: 3 no leader at term 0; dropping proposal
raft2026/01/12 12:20:44 INFO: 3 no leader at term 0; dropping proposal
raft2026/01/12 12:20:44 INFO: 3 no leader at term 0; dropping proposal
raft2026/01/12 12:20:44 INFO: 3 no leader at term 0; dropping proposal
raft2026/01/12 12:20:44 INFO: 3 no leader at term 0; dropping proposal
raft2026/01/12 12:20:44 INFO: 3 no leader at term 0; dropping proposal
raft2026/01/12 12:20:44 INFO: 3 no leader at term 0; dropping proposal
raft2026/01/12 12:20:44 INFO: 3 no leader at term 0; dropping proposal
raft2026/01/12 12:20:44 INFO: 3 no leader at term 0; dropping proposal
raft2026/01/12 12:20:44 INFO: 3 no leader at term 0; dropping proposal
raft2026/01/12 12:20:44 INFO: 3 no leader at term 0; dropping proposal
raft2026/01/12 12:20:44 INFO: 3 no leader at term 0; dropping proposal
raft2026/01/12 12:20:44 INFO: 3 no leader at term 0; dropping proposal
raft2026/01/12 12:20:44 INFO: 3 no leader at term 0; dropping proposal
raft2026/01/12 12:20:44 INFO: 3 no leader at term 0; dropping proposal
raft2026/01/12 12:20:44 INFO: 3 no leader at term 0; dropping proposal
raft2026/01/12 12:20:44 INFO: 3 no leader at term 0; dropping proposal
raft2026/01/12 12:20:44 INFO: 3 no leader at term 0; dropping proposal
raft2026/01/12 12:20:44 INFO: 3 no leader at term 0; dropping proposal
raft2026/01/12 12:20:44 INFO: 3 no leader at term 0; dropping proposal
raft2026/01/12 12:20:44 INFO: 3 no leader at term 0; dropping proposal
raft2026/01/12 12:20:44 INFO: 3 no leader at term 0; dropping proposal
raft2026/01/12 12:20:44 INFO: 3 no leader at term 0; dropping proposal
raft2026/01/12 12:20:44 INFO: 3 no leader at term 0; dropping proposal
raft2026/01/12 12:20:44 INFO: 3 no leader at term 0; dropping proposal
raft2026/01/12 12:20:44 INFO: 3 no leader at term 0; dropping proposal
raft2026/01/12 12:20:44 INFO: 3 no leader at term 0; dropping proposal
raft2026/01/12 12:20:44 INFO: 3 no leader at term 0; dropping proposal
raft2026/01/12 12:20:44 INFO: 3 no leader at term 0; dropping proposal
raft2026/01/12 12:20:44 INFO: 3 no leader at term 0; dropping proposal
raft2026/01/12 12:20:44 INFO: 3 no leader at term 0; dropping proposal
raft2026/01/12 12:20:44 INFO: 3 no leader at term 0; dropping proposal
raft2026/01/12 12:20:44 INFO: 3 no leader at term 0; dropping proposal
raft2026/01/12 12:20:44 INFO: 3 no leader at term 0; dropping proposal
raft2026/01/12 12:20:44 INFO: 3 no leader at term 0; dropping proposal
raft2026/01/12 12:20:44 INFO: 3 no leader at term 0; dropping proposal
raft2026/01/12 12:20:44 INFO: 3 no leader at term 0; dropping proposal
raft2026/01/12 12:20:44 INFO: 3 no leader at term 0; dropping proposal
raft2026/01/12 12:20:44 INFO: 3 no leader at term 0; dropping proposal
raft2026/01/12 12:20:44 INFO: 3 no leader at term 0; dropping proposal
raft2026/01/12 12:20:44 INFO: 3 no leader at term 0; dropping proposal
raft2026/01/12 12:20:44 INFO: 3 no leader at term 0; dropping proposal
raft2026/01/12 12:20:44 INFO: 3 no leader at term 0; dropping proposal
raft2026/01/12 12:20:44 INFO: 3 no leader at term 0; dropping proposal
raft2026/01/12 12:20:44 INFO: 3 no leader at term 0; dropping proposal
raft2026/01/12 12:20:44 INFO: 3 no leader at term 0; dropping proposal
raft2026/01/12 12:20:44 INFO: 3 no leader at term 0; dropping proposal
raft2026/01/12 12:20:44 INFO: 3 no leader at term 0; dropping proposal
raft2026/01/12 12:20:44 INFO: 3 no leader at term 0; dropping proposal
raft2026/01/12 12:20:44 INFO: 3 no leader at term 0; dropping proposal
raft2026/01/12 12:20:44 INFO: 3 no leader at term 0; dropping proposal
raft2026/01/12 12:20:44 INFO: 3 no leader at term 0; dropping proposal
raft2026/01/12 12:20:44 INFO: 3 no leader at term 0; dropping proposal
raft2026/01/12 12:20:44 INFO: 3 no leader at term 0; dropping proposal
raft2026/01/12 12:20:44 INFO: 3 no leader at term 0; dropping proposal
raft2026/01/12 12:20:44 INFO: 3 no leader at term 0; dropping proposal
raft2026/01/12 12:20:44 INFO: 3 no leader at term 0; dropping proposal
raft2026/01/12 12:20:44 INFO: 3 no leader at term 0; dropping proposal
raft2026/01/12 12:20:44 INFO: 3 no leader at term 0; dropping proposal
raft2026/01/12 12:20:44 INFO: 3 no leader at term 0; dropping proposal
raft2026/01/12 12:20:44 INFO: 3 no leader at term 0; dropping proposal
raft2026/01/12 12:20:44 INFO: 3 no leader at term 0; dropping proposal
raft2026/01/12 12:20:44 INFO: 3 no leader at term 0; dropping proposal
raft2026/01/12 12:20:44 INFO: 3 no leader at term 0; dropping proposal
raft2026/01/12 12:20:44 INFO: 3 no leader at term 0; dropping proposal
raft2026/01/12 12:20:44 INFO: 3 no leader at term 0; dropping proposal
raft2026/01/12 12:20:44 INFO: 3 no leader at term 0; dropping proposal
raft2026/01/12 12:20:44 INFO: 3 no leader at term 0; dropping proposal
raft2026/01/12 12:20:44 INFO: 3 no leader at term 0; dropping proposal
raft2026/01/12 12:20:44 INFO: 3 no leader at term 0; dropping proposal
raft2026/01/12 12:20:44 INFO: 3 no leader at term 0; dropping proposal
raft2026/01/12 12:20:44 INFO: 3 no leader at term 0; dropping proposal
raft2026/01/12 12:20:44 INFO: 3 no leader at term 0; dropping proposal
raft2026/01/12 12:20:44 INFO: 3 no leader at term 0; dropping proposal
raft2026/01/12 12:20:44 INFO: 3 no leader at term 0; dropping proposal
raft2026/01/12 12:20:44 INFO: 3 no leader at term 0; dropping proposal
raft2026/01/12 12:20:44 INFO: 3 no leader at term 0; dropping proposal
raft2026/01/12 12:20:44 INFO: 3 no leader at term 0; dropping proposal
raft2026/01/12 12:20:44 INFO: 3 no leader at term 0; dropping proposal
raft2026/01/12 12:20:44 INFO: 3 no leader at term 0; dropping proposal
raft2026/01/12 12:20:44 INFO: 3 no leader at term 0; dropping proposal
raft2026/01/12 12:20:44 INFO: 3 no leader at term 0; dropping proposal
raft2026/01/12 12:20:44 INFO: 3 no leader at term 0; dropping proposal
raft2026/01/12 12:20:44 INFO: 3 no leader at term 0; dropping proposal
raft2026/01/12 12:20:44 INFO: 3 no leader at term 0; dropping proposal
raft2026/01/12 12:20:44 INFO: 3 no leader at term 0; dropping proposal
raft2026/01/12 12:20:44 INFO: 3 no leader at term 0; dropping proposal
raft2026/01/12 12:20:44 INFO: 3 no leader at term 0; dropping proposal
raft2026/01/12 12:20:44 INFO: 3 no leader at term 0; dropping proposal
raft2026/01/12 12:20:44 INFO: 3 no leader at term 0; dropping proposal
raft2026/01/12 12:20:44 INFO: 3 no leader at term 0; dropping proposal
raft2026/01/12 12:20:44 INFO: 3 no leader at term 0; dropping proposal
raft2026/01/12 12:20:44 INFO: 3 no leader at term 0; dropping proposal
raft2026/01/12 12:20:44 INFO: 3 no leader at term 0; dropping proposal
raft2026/01/12 12:20:44 INFO: 3 no leader at term 0; dropping proposal
raft2026/01/12 12:20:44 INFO: 3 no leader at term 0; dropping proposal
raft2026/01/12 12:20:44 INFO: 3 no leader at term 0; dropping proposal
raft2026/01/12 12:20:44 INFO: 3 no leader at term 0; dropping proposal
raft2026/01/12 12:20:44 INFO: 3 no leader at term 0; dropping proposal
raft2026/01/12 12:20:44 INFO: 3 no leader at term 0; dropping proposal
raft2026/01/12 12:20:44 INFO: 3 no leader at term 0; dropping proposal
raft2026/01/12 12:20:44 INFO: 3 no leader at term 0; dropping proposal
raft2026/01/12 12:20:44 INFO: 3 no leader at term 0; dropping proposal
raft2026/01/12 12:20:44 INFO: 3 no leader at term 0; dropping proposal
raft2026/01/12 12:20:44 INFO: 3 no leader at term 0; dropping proposal
raft2026/01/12 12:20:44 INFO: 3 no leader at term 0; dropping proposal
raft2026/01/12 12:20:44 INFO: 3 no leader at term 0; dropping proposal
raft2026/01/12 12:20:44 INFO: 3 no leader at term 0; dropping proposal
raft2026/01/12 12:20:44 INFO: 3 no leader at term 0; dropping proposal
raft2026/01/12 12:20:44 INFO: 3 no leader at term 0; dropping proposal
raft2026/01/12 12:20:44 INFO: 3 no leader at term 0; dropping proposal
raft2026/01/12 12:20:44 INFO: 3 no leader at term 0; dropping proposal
raft2026/01/12 12:20:44 INFO: 3 no leader at term 0; dropping proposal
raft2026/01/12 12:20:44 INFO: 3 no leader at term 0; dropping proposal
raft2026/01/12 12:20:44 INFO: 3 no leader at term 0; dropping proposal
raft2026/01/12 12:20:44 INFO: 3 no leader at term 0; dropping proposal
raft2026/01/12 12:20:44 INFO: 3 no leader at term 0; dropping proposal
raft2026/01/12 12:20:44 INFO: 3 no leader at term 0; dropping proposal
raft2026/01/12 12:20:44 INFO: 3 no leader at term 0; dropping proposal
raft2026/01/12 12:20:44 INFO: 3 no leader at term 0; dropping proposal
raft2026/01/12 12:20:44 INFO: 3 no leader at term 0; dropping proposal
raft2026/01/12 12:20:44 INFO: 3 no leader at term 0; dropping proposal
raft2026/01/12 12:20:44 INFO: 3 no leader at term 0; dropping proposal
raft2026/01/12 12:20:44 INFO: 3 no leader at term 0; dropping proposal
raft2026/01/12 12:20:44 INFO: 3 no leader at term 0; dropping proposal
raft2026/01/12 12:20:44 INFO: 3 no leader at term 0; dropping proposal
raft2026/01/12 12:20:44 INFO: 3 no leader at term 0; dropping proposal
raft2026/01/12 12:20:44 INFO: 3 no leader at term 0; dropping proposal
raft2026/01/12 12:20:44 INFO: 3 no leader at term 0; dropping proposal
raft2026/01/12 12:20:44 INFO: 3 no leader at term 0; dropping proposal
raft2026/01/12 12:20:44 INFO: 3 no leader at term 0; dropping proposal
raft2026/01/12 12:20:44 INFO: 3 no leader at term 0; dropping proposal
raft2026/01/12 12:20:44 INFO: 3 no leader at term 0; dropping proposal
raft2026/01/12 12:20:44 INFO: 3 no leader at term 0; dropping proposal
raft2026/01/12 12:20:44 INFO: 3 no leader at term 0; dropping proposal
raft2026/01/12 12:20:44 INFO: 3 no leader at term 0; dropping proposal
raft2026/01/12 12:20:44 INFO: 3 no leader at term 0; dropping proposal
raft2026/01/12 12:20:44 INFO: 3 no leader at term 0; dropping proposal
raft2026/01/12 12:20:44 INFO: 3 no leader at term 0; dropping proposal
raft2026/01/12 12:20:44 INFO: 3 no leader at term 0; dropping proposal
raft2026/01/12 12:20:44 INFO: 3 no leader at term 0; dropping proposal
raft2026/01/12 12:20:44 INFO: 3 no leader at term 0; dropping proposal
raft2026/01/12 12:20:44 INFO: 3 no leader at term 0; dropping proposal
raft2026/01/12 12:20:44 INFO: 3 no leader at term 0; dropping proposal
raft2026/01/12 12:20:44 INFO: 3 no leader at term 0; dropping proposal
raft2026/01/12 12:20:44 INFO: 3 no leader at term 0; dropping proposal
raft2026/01/12 12:20:44 INFO: 3 no leader at term 0; dropping proposal
raft2026/01/12 12:20:44 INFO: 3 no leader at term 0; dropping proposal
raft2026/01/12 12:20:44 INFO: 3 no leader at term 0; dropping proposal
raft2026/01/12 12:20:44 INFO: 3 no leader at term 0; dropping proposal
raft2026/01/12 12:20:44 INFO: 3 no leader at term 0; dropping proposal
raft2026/01/12 12:20:44 INFO: 3 no leader at term 0; dropping proposal
raft2026/01/12 12:20:44 INFO: 3 no leader at term 0; dropping proposal
raft2026/01/12 12:20:44 INFO: 3 no leader at term 0; dropping proposal
raft2026/01/12 12:20:44 INFO: 3 no leader at term 0; dropping proposal
raft2026/01/12 12:20:44 INFO: 3 no leader at term 0; dropping proposal
raft2026/01/12 12:20:44 INFO: 3 no leader at term 0; dropping proposal
raft2026/01/12 12:20:44 INFO: 3 no leader at term 0; dropping proposal
raft2026/01/12 12:20:44 INFO: 3 no leader at term 0; dropping proposal
raft2026/01/12 12:20:44 INFO: 3 no leader at term 0; dropping proposal
raft2026/01/12 12:20:44 INFO: 3 no leader at term 0; dropping proposal
raft2026/01/12 12:20:44 INFO: 3 no leader at term 0; dropping proposal
raft2026/01/12 12:20:44 INFO: 3 no leader at term 0; dropping proposal
raft2026/01/12 12:20:44 INFO: 3 no leader at term 0; dropping proposal
raft2026/01/12 12:20:44 INFO: 3 no leader at term 0; dropping proposal
raft2026/01/12 12:20:44 INFO: 3 no leader at term 0; dropping proposal
raft2026/01/12 12:20:44 INFO: 3 no leader at term 0; dropping proposal
raft2026/01/12 12:20:44 INFO: 3 no leader at term 0; dropping proposal
raft2026/01/12 12:20:44 INFO: 3 no leader at term 0; dropping proposal
raft2026/01/12 12:20:44 INFO: 3 no leader at term 0; dropping proposal
raft2026/01/12 12:20:44 INFO: 3 no leader at term 0; dropping proposal
raft2026/01/12 12:20:44 INFO: 3 no leader at term 0; dropping proposal
raft2026/01/12 12:20:44 INFO: 3 no leader at term 0; dropping proposal
raft2026/01/12 12:20:44 INFO: 3 no leader at term 0; dropping proposal
raft2026/01/12 12:20:44 INFO: 3 no leader at term 0; dropping proposal
raft2026/01/12 12:20:44 INFO: 3 no leader at term 0; dropping proposal
raft2026/01/12 12:20:44 INFO: 3 no leader at term 0; dropping proposal
raft2026/01/12 12:20:44 INFO: 3 no leader at term 0; dropping proposal
raft2026/01/12 12:20:44 INFO: 3 no leader at term 0; dropping proposal
raft2026/01/12 12:20:44 INFO: 3 no leader at term 0; dropping proposal
raft2026/01/12 12:20:44 INFO: 3 no leader at term 0; dropping proposal
raft2026/01/12 12:20:44 INFO: 3 no leader at term 0; dropping proposal
raft2026/01/12 12:20:44 INFO: 3 no leader at term 0; dropping proposal
raft2026/01/12 12:20:44 INFO: 3 no leader at term 0; dropping proposal
raft2026/01/12 12:20:44 INFO: 3 no leader at term 0; dropping proposal
raft2026/01/12 12:20:44 INFO: 3 no leader at term 0; dropping proposal
raft2026/01/12 12:20:44 INFO: 3 no leader at term 0; dropping proposal
raft2026/01/12 12:20:44 INFO: 3 no leader at term 0; dropping proposal
raft2026/01/12 12:20:44 INFO: 3 no leader at term 0; dropping proposal
raft2026/01/12 12:20:44 INFO: 3 no leader at term 0; dropping proposal
raft2026/01/12 12:20:44 INFO: 3 no leader at term 0; dropping proposal
raft2026/01/12 12:20:44 INFO: 3 no leader at term 0; dropping proposal
raft2026/01/12 12:20:44 INFO: 3 no leader at term 0; dropping proposal
raft2026/01/12 12:20:44 INFO: 3 no leader at term 0; dropping proposal
raft2026/01/12 12:20:44 INFO: 3 no leader at term 0; dropping proposal
raft2026/01/12 12:20:44 INFO: 3 no leader at term 0; dropping proposal
raft2026/01/12 12:20:44 INFO: 3 no leader at term 0; dropping proposal
raft2026/01/12 12:20:44 INFO: 3 no leader at term 0; dropping proposal
raft2026/01/12 12:20:44 INFO: 3 no leader at term 0; dropping proposal
raft2026/01/12 12:20:44 INFO: 3 no leader at term 0; dropping proposal
raft2026/01/12 12:20:44 INFO: 3 no leader at term 0; dropping proposal
raft2026/01/12 12:20:44 INFO: 3 no leader at term 0; dropping proposal
raft2026/01/12 12:20:44 INFO: 3 no leader at term 0; dropping proposal
raft2026/01/12 12:20:44 INFO: 3 no leader at term 0; dropping proposal
raft2026/01/12 12:20:44 INFO: 3 no leader at term 0; dropping proposal
raft2026/01/12 12:20:44 INFO: 3 no leader at term 0; dropping proposal
raft2026/01/12 12:20:44 INFO: 3 no leader at term 0; dropping proposal
raft2026/01/12 12:20:44 INFO: 3 no leader at term 0; dropping proposal
raft2026/01/12 12:20:44 INFO: 3 no leader at term 0; dropping proposal
raft2026/01/12 12:20:44 INFO: 3 no leader at term 0; dropping proposal
raft2026/01/12 12:20:44 INFO: 3 no leader at term 0; dropping proposal
raft2026/01/12 12:20:44 INFO: 3 no leader at term 0; dropping proposal
raft2026/01/12 12:20:44 INFO: 3 no leader at term 0; dropping proposal
raft2026/01/12 12:20:44 INFO: 3 no leader at term 0; dropping proposal
raft2026/01/12 12:20:44 INFO: 3 no leader at term 0; dropping proposal
raft2026/01/12 12:20:44 INFO: 3 no leader at term 0; dropping proposal
raft2026/01/12 12:20:44 INFO: 3 no leader at term 0; dropping proposal
raft2026/01/12 12:20:44 INFO: 3 no leader at term 0; dropping proposal
raft2026/01/12 12:20:44 INFO: 3 no leader at term 0; dropping proposal
raft2026/01/12 12:20:44 INFO: 3 no leader at term 0; dropping proposal
raft2026/01/12 12:20:44 INFO: 3 no leader at term 0; dropping proposal
raft2026/01/12 12:20:44 INFO: 3 no leader at term 0; dropping proposal
raft2026/01/12 12:20:44 INFO: 3 no leader at term 0; dropping proposal
raft2026/01/12 12:20:44 INFO: 3 no leader at term 0; dropping proposal
raft2026/01/12 12:20:44 INFO: 3 no leader at term 0; dropping proposal
raft2026/01/12 12:20:44 INFO: 3 no leader at term 0; dropping proposal
raft2026/01/12 12:20:44 INFO: 3 no leader at term 0; dropping proposal
raft2026/01/12 12:20:44 INFO: 3 no leader at term 0; dropping proposal
raft2026/01/12 12:20:44 INFO: 3 no leader at term 0; dropping proposal
raft2026/01/12 12:20:44 INFO: 3 no leader at term 0; dropping proposal
raft2026/01/12 12:20:44 INFO: 3 no leader at term 0; dropping proposal
raft2026/01/12 12:20:44 INFO: 3 no leader at term 0; dropping proposal
raft2026/01/12 12:20:44 INFO: 3 no leader at term 0; dropping proposal
raft2026/01/12 12:20:44 INFO: 3 no leader at term 0; dropping proposal
raft2026/01/12 12:20:44 INFO: 3 no leader at term 0; dropping proposal
raft2026/01/12 12:20:44 INFO: 3 no leader at term 0; dropping proposal
raft2026/01/12 12:20:44 INFO: 3 no leader at term 0; dropping proposal
raft2026/01/12 12:20:44 INFO: 3 no leader at term 0; dropping proposal
raft2026/01/12 12:20:44 INFO: 3 no leader at term 0; dropping proposal
raft2026/01/12 12:20:44 INFO: 3 no leader at term 0; dropping proposal
raft2026/01/12 12:20:44 INFO: 3 no leader at term 0; dropping proposal
raft2026/01/12 12:20:44 INFO: 3 no leader at term 0; dropping proposal
raft2026/01/12 12:20:44 INFO: 3 no leader at term 0; dropping proposal
raft2026/01/12 12:20:44 INFO: 3 no leader at term 0; dropping proposal
raft2026/01/12 12:20:44 INFO: 3 no leader at term 0; dropping proposal
raft2026/01/12 12:20:44 INFO: 3 no leader at term 0; dropping proposal
raft2026/01/12 12:20:44 INFO: 3 no leader at term 0; dropping proposal
raft2026/01/12 12:20:44 INFO: 3 no leader at term 0; dropping proposal
raft2026/01/12 12:20:44 INFO: 3 no leader at term 0; dropping proposal
raft2026/01/12 12:20:44 INFO: 3 no leader at term 0; dropping proposal
raft2026/01/12 12:20:44 INFO: 3 no leader at term 0; dropping proposal
raft2026/01/12 12:20:44 INFO: 3 no leader at term 0; dropping proposal
raft2026/01/12 12:20:44 INFO: 3 no leader at term 0; dropping proposal
raft2026/01/12 12:20:44 INFO: 3 no leader at term 0; dropping proposal
raft2026/01/12 12:20:44 INFO: 3 no leader at term 0; dropping proposal
raft2026/01/12 12:20:44 INFO: 3 no leader at term 0; dropping proposal
raft2026/01/12 12:20:44 INFO: 3 no leader at term 0; dropping proposal
raft2026/01/12 12:20:44 INFO: 3 no leader at term 0; dropping proposal
raft2026/01/12 12:20:44 INFO: 3 no leader at term 0; dropping proposal
raft2026/01/12 12:20:44 INFO: 3 no leader at term 0; dropping proposal
raft2026/01/12 12:20:44 INFO: 3 no leader at term 0; dropping proposal
raft2026/01/12 12:20:44 INFO: 3 no leader at term 0; dropping proposal
raft2026/01/12 12:20:44 INFO: 3 no leader at term 0; dropping proposal
raft2026/01/12 12:20:44 INFO: 3 no leader at term 0; dropping proposal
raft2026/01/12 12:20:44 INFO: 3 no leader at term 0; dropping proposal
raft2026/01/12 12:20:44 INFO: 3 no leader at term 0; dropping proposal
raft2026/01/12 12:20:44 INFO: 3 no leader at term 0; dropping proposal
raft2026/01/12 12:20:44 INFO: 3 no leader at term 0; dropping proposal
raft2026/01/12 12:20:44 INFO: 3 no leader at term 0; dropping proposal
raft2026/01/12 12:20:44 INFO: 3 no leader at term 0; dropping proposal
raft2026/01/12 12:20:44 INFO: 3 no leader at term 0; dropping proposal
raft2026/01/12 12:20:44 INFO: 3 no leader at term 0; dropping proposal
raft2026/01/12 12:20:44 INFO: 3 no leader at term 0; dropping proposal
raft2026/01/12 12:20:44 INFO: 3 no leader at term 0; dropping proposal
raft2026/01/12 12:20:44 INFO: 3 no leader at term 0; dropping proposal
raft2026/01/12 12:20:44 INFO: 3 no leader at term 0; dropping proposal
raft2026/01/12 12:20:44 INFO: 3 no leader at term 0; dropping proposal
raft2026/01/12 12:20:44 INFO: 3 no leader at term 0; dropping proposal
raft2026/01/12 12:20:44 INFO: 3 no leader at term 0; dropping proposal
raft2026/01/12 12:20:44 INFO: 3 no leader at term 0; dropping proposal
raft2026/01/12 12:20:44 INFO: 3 no leader at term 0; dropping proposal
raft2026/01/12 12:20:44 INFO: 3 no leader at term 0; dropping proposal
raft2026/01/12 12:20:44 INFO: 3 no leader at term 0; dropping proposal
raft2026/01/12 12:20:44 INFO: 3 no leader at term 0; dropping proposal
raft2026/01/12 12:20:44 INFO: 3 no leader at term 0; dropping proposal
raft2026/01/12 12:20:44 INFO: 3 no leader at term 0; dropping proposal
raft2026/01/12 12:20:44 INFO: 3 no leader at term 0; dropping proposal
raft2026/01/12 12:20:44 INFO: 3 no leader at term 0; dropping proposal
raft2026/01/12 12:20:44 INFO: 3 no leader at term 0; dropping proposal
raft2026/01/12 12:20:44 INFO: 3 no leader at term 0; dropping proposal
raft2026/01/12 12:20:44 INFO: 3 no leader at term 0; dropping proposal
raft2026/01/12 12:20:44 INFO: 3 no leader at term 0; dropping proposal
raft2026/01/12 12:20:44 INFO: 3 no leader at term 0; dropping proposal
raft2026/01/12 12:20:44 INFO: 3 no leader at term 0; dropping proposal
raft2026/01/12 12:20:44 INFO: 3 no leader at term 0; dropping proposal
raft2026/01/12 12:20:44 INFO: 3 no leader at term 0; dropping proposal
raft2026/01/12 12:20:44 INFO: 3 no leader at term 0; dropping proposal
raft2026/01/12 12:20:44 INFO: 3 no leader at term 0; dropping proposal
raft2026/01/12 12:20:44 INFO: 3 no leader at term 0; dropping proposal
raft2026/01/12 12:20:44 INFO: 3 no leader at term 0; dropping proposal
raft2026/01/12 12:20:44 INFO: 3 no leader at term 0; dropping proposal
raft2026/01/12 12:20:44 INFO: 3 no leader at term 0; dropping proposal
raft2026/01/12 12:20:44 INFO: 3 no leader at term 0; dropping proposal
raft2026/01/12 12:20:44 INFO: 3 no leader at term 0; dropping proposal
raft2026/01/12 12:20:44 INFO: 3 no leader at term 0; dropping proposal
raft2026/01/12 12:20:44 INFO: 3 no leader at term 0; dropping proposal
raft2026/01/12 12:20:44 INFO: 3 no leader at term 0; dropping proposal
raft2026/01/12 12:20:44 INFO: 3 no leader at term 0; dropping proposal
raft2026/01/12 12:20:44 INFO: 3 no leader at term 0; dropping proposal
raft2026/01/12 12:20:44 INFO: 3 no leader at term 0; dropping proposal
raft2026/01/12 12:20:44 INFO: 3 no leader at term 0; dropping proposal
raft2026/01/12 12:20:44 INFO: 3 no leader at term 0; dropping proposal
raft2026/01/12 12:20:44 INFO: 3 no leader at term 0; dropping proposal
raft2026/01/12 12:20:44 INFO: 3 no leader at term 0; dropping proposal
raft2026/01/12 12:20:44 INFO: 3 no leader at term 0; dropping proposal
raft2026/01/12 12:20:44 INFO: 3 no leader at term 0; dropping proposal
raft2026/01/12 12:20:44 INFO: 3 no leader at term 0; dropping proposal
raft2026/01/12 12:20:44 INFO: 3 no leader at term 0; dropping proposal
raft2026/01/12 12:20:44 INFO: 3 no leader at term 0; dropping proposal
raft2026/01/12 12:20:44 INFO: 3 no leader at term 0; dropping proposal
raft2026/01/12 12:20:44 INFO: 3 no leader at term 0; dropping proposal
raft2026/01/12 12:20:44 INFO: 3 no leader at term 0; dropping proposal
raft2026/01/12 12:20:44 INFO: 3 no leader at term 0; dropping proposal
raft2026/01/12 12:20:44 INFO: 3 no leader at term 0; dropping proposal
raft2026/01/12 12:20:44 INFO: 3 no leader at term 0; dropping proposal
raft2026/01/12 12:20:44 INFO: 3 no leader at term 0; dropping proposal
raft2026/01/12 12:20:44 INFO: 3 no leader at term 0; dropping proposal
raft2026/01/12 12:20:44 INFO: 3 no leader at term 0; dropping proposal
raft2026/01/12 12:20:44 INFO: 3 no leader at term 0; dropping proposal
raft2026/01/12 12:20:44 INFO: 3 no leader at term 0; dropping proposal
raft2026/01/12 12:20:44 INFO: 3 no leader at term 0; dropping proposal
raft2026/01/12 12:20:44 INFO: 3 no leader at term 0; dropping proposal
raft2026/01/12 12:20:44 INFO: 3 no leader at term 0; dropping proposal
raft2026/01/12 12:20:44 INFO: 3 no leader at term 0; dropping proposal
raft2026/01/12 12:20:44 INFO: 3 no leader at term 0; dropping proposal
raft2026/01/12 12:20:44 INFO: 3 no leader at term 0; dropping proposal
raft2026/01/12 12:20:44 INFO: 3 no leader at term 0; dropping proposal
raft2026/01/12 12:20:44 INFO: 3 no leader at term 0; dropping proposal
raft2026/01/12 12:20:44 INFO: 3 no leader at term 0; dropping proposal
raft2026/01/12 12:20:44 INFO: 3 no leader at term 0; dropping proposal
raft2026/01/12 12:20:44 INFO: 3 no leader at term 0; dropping proposal
raft2026/01/12 12:20:44 INFO: 3 no leader at term 0; dropping proposal
raft2026/01/12 12:20:44 INFO: 3 no leader at term 0; dropping proposal
raft2026/01/12 12:20:44 INFO: 3 no leader at term 0; dropping proposal
raft2026/01/12 12:20:44 INFO: 3 no leader at term 0; dropping proposal
raft2026/01/12 12:20:44 INFO: 3 no leader at term 0; dropping proposal
raft2026/01/12 12:20:44 INFO: 3 no leader at term 0; dropping proposal
raft2026/01/12 12:20:44 INFO: 3 no leader at term 0; dropping proposal
raft2026/01/12 12:20:44 INFO: 3 no leader at term 0; dropping proposal
raft2026/01/12 12:20:44 INFO: 3 no leader at term 0; dropping proposal
raft2026/01/12 12:20:44 INFO: 3 no leader at term 0; dropping proposal
raft2026/01/12 12:20:44 INFO: 3 no leader at term 0; dropping proposal
raft2026/01/12 12:20:44 INFO: 3 no leader at term 0; dropping proposal
raft2026/01/12 12:20:44 INFO: 3 no leader at term 0; dropping proposal
raft2026/01/12 12:20:44 INFO: 3 no leader at term 0; dropping proposal
raft2026/01/12 12:20:44 INFO: 3 no leader at term 0; dropping proposal
raft2026/01/12 12:20:44 INFO: 3 no leader at term 0; dropping proposal
raft2026/01/12 12:20:44 INFO: 3 no leader at term 0; dropping proposal
raft2026/01/12 12:20:44 INFO: 3 no leader at term 0; dropping proposal
raft2026/01/12 12:20:44 INFO: 3 no leader at term 0; dropping proposal
raft2026/01/12 12:20:45 INFO: 3 no leader at term 0; dropping proposal
raft2026/01/12 12:20:45 INFO: 3 no leader at term 0; dropping proposal
raft2026/01/12 12:20:45 INFO: 3 no leader at term 0; dropping proposal
raft2026/01/12 12:20:45 INFO: 3 no leader at term 0; dropping proposal
raft2026/01/12 12:20:45 INFO: 3 no leader at term 0; dropping proposal
raft2026/01/12 12:20:45 INFO: 3 no leader at term 0; dropping proposal
raft2026/01/12 12:20:45 INFO: 3 no leader at term 0; dropping proposal
raft2026/01/12 12:20:45 INFO: 3 no leader at term 0; dropping proposal
raft2026/01/12 12:20:45 INFO: 3 no leader at term 0; dropping proposal
raft2026/01/12 12:20:45 INFO: 3 no leader at term 0; dropping proposal
raft2026/01/12 12:20:45 INFO: 3 no leader at term 0; dropping proposal
raft2026/01/12 12:20:45 INFO: 3 no leader at term 0; dropping proposal
raft2026/01/12 12:20:45 INFO: 3 no leader at term 0; dropping proposal
raft2026/01/12 12:20:45 INFO: 3 no leader at term 0; dropping proposal
raft2026/01/12 12:20:45 INFO: 3 no leader at term 0; dropping proposal
raft2026/01/12 12:20:45 INFO: 3 no leader at term 0; dropping proposal
raft2026/01/12 12:20:45 INFO: 3 no leader at term 0; dropping proposal
raft2026/01/12 12:20:45 INFO: 3 no leader at term 0; dropping proposal
raft2026/01/12 12:20:45 INFO: 3 no leader at term 0; dropping proposal
raft2026/01/12 12:20:45 INFO: 3 no leader at term 0; dropping proposal
raft2026/01/12 12:20:45 INFO: 3 no leader at term 0; dropping proposal
raft2026/01/12 12:20:45 INFO: 3 no leader at term 0; dropping proposal
raft2026/01/12 12:20:45 INFO: 3 no leader at term 0; dropping proposal
raft2026/01/12 12:20:45 INFO: 3 no leader at term 0; dropping proposal
raft2026/01/12 12:20:45 INFO: 3 no leader at term 0; dropping proposal
raft2026/01/12 12:20:45 INFO: 3 no leader at term 0; dropping proposal
raft2026/01/12 12:20:45 INFO: 3 no leader at term 0; dropping proposal
raft2026/01/12 12:20:45 INFO: 3 no leader at term 0; dropping proposal
raft2026/01/12 12:20:45 INFO: 3 no leader at term 0; dropping proposal
raft2026/01/12 12:20:45 INFO: 3 no leader at term 0; dropping proposal
raft2026/01/12 12:20:45 INFO: 3 no leader at term 0; dropping proposal
raft2026/01/12 12:20:45 INFO: 3 no leader at term 0; dropping proposal
raft2026/01/12 12:20:45 INFO: 3 no leader at term 0; dropping proposal
raft2026/01/12 12:20:45 INFO: 3 no leader at term 0; dropping proposal
raft2026/01/12 12:20:45 INFO: 3 no leader at term 0; dropping proposal
raft2026/01/12 12:20:45 INFO: 3 no leader at term 0; dropping proposal
raft2026/01/12 12:20:45 INFO: 3 no leader at term 0; dropping proposal
raft2026/01/12 12:20:45 INFO: 3 no leader at term 0; dropping proposal
raft2026/01/12 12:20:45 INFO: 3 no leader at term 0; dropping proposal
raft2026/01/12 12:20:45 INFO: 3 no leader at term 0; dropping proposal
raft2026/01/12 12:20:45 INFO: 3 no leader at term 0; dropping proposal
raft2026/01/12 12:20:45 INFO: 3 no leader at term 0; dropping proposal
raft2026/01/12 12:20:45 INFO: 3 no leader at term 0; dropping proposal
raft2026/01/12 12:20:45 INFO: 3 no leader at term 0; dropping proposal
raft2026/01/12 12:20:45 INFO: 3 no leader at term 0; dropping proposal
raft2026/01/12 12:20:45 INFO: 3 no leader at term 0; dropping proposal
raft2026/01/12 12:20:45 INFO: 3 no leader at term 0; dropping proposal
raft2026/01/12 12:20:45 INFO: 3 no leader at term 0; dropping proposal
raft2026/01/12 12:20:45 INFO: 3 no leader at term 0; dropping proposal
raft2026/01/12 12:20:45 INFO: 3 no leader at term 0; dropping proposal
raft2026/01/12 12:20:45 INFO: 3 no leader at term 0; dropping proposal
raft2026/01/12 12:20:45 INFO: 3 no leader at term 0; dropping proposal
raft2026/01/12 12:20:45 INFO: 3 no leader at term 0; dropping proposal
raft2026/01/12 12:20:45 INFO: 3 no leader at term 0; dropping proposal
raft2026/01/12 12:20:45 INFO: 3 no leader at term 0; dropping proposal
raft2026/01/12 12:20:45 INFO: 3 no leader at term 0; dropping proposal
raft2026/01/12 12:20:45 INFO: 3 no leader at term 0; dropping proposal
raft2026/01/12 12:20:45 INFO: 3 no leader at term 0; dropping proposal
raft2026/01/12 12:20:45 INFO: 3 no leader at term 0; dropping proposal
raft2026/01/12 12:20:45 INFO: 3 no leader at term 0; dropping proposal
raft2026/01/12 12:20:45 INFO: 3 no leader at term 0; dropping proposal
raft2026/01/12 12:20:45 INFO: 3 no leader at term 0; dropping proposal
raft2026/01/12 12:20:45 INFO: 3 no leader at term 0; dropping proposal
raft2026/01/12 12:20:45 INFO: 3 no leader at term 0; dropping proposal
raft2026/01/12 12:20:45 INFO: 3 no leader at term 0; dropping proposal
raft2026/01/12 12:20:45 INFO: 3 no leader at term 0; dropping proposal
raft2026/01/12 12:20:45 INFO: 3 no leader at term 0; dropping proposal
raft2026/01/12 12:20:45 INFO: 3 no leader at term 0; dropping proposal
raft2026/01/12 12:20:45 INFO: 3 no leader at term 0; dropping proposal
raft2026/01/12 12:20:45 INFO: 3 no leader at term 0; dropping proposal
raft2026/01/12 12:20:45 INFO: 3 no leader at term 0; dropping proposal
raft2026/01/12 12:20:45 INFO: 3 no leader at term 0; dropping proposal
raft2026/01/12 12:20:45 INFO: 3 no leader at term 0; dropping proposal
raft2026/01/12 12:20:45 INFO: 3 no leader at term 0; dropping proposal
raft2026/01/12 12:20:45 INFO: 3 no leader at term 0; dropping proposal
raft2026/01/12 12:20:45 INFO: 3 no leader at term 0; dropping proposal
raft2026/01/12 12:20:45 INFO: 3 no leader at term 0; dropping proposal
raft2026/01/12 12:20:45 INFO: 3 no leader at term 0; dropping proposal
raft2026/01/12 12:20:45 INFO: 3 no leader at term 0; dropping proposal
raft2026/01/12 12:20:45 INFO: 3 no leader at term 0; dropping proposal
raft2026/01/12 12:20:45 INFO: 3 no leader at term 0; dropping proposal
raft2026/01/12 12:20:45 INFO: 3 no leader at term 0; dropping proposal
raft2026/01/12 12:20:45 INFO: 3 no leader at term 0; dropping proposal
raft2026/01/12 12:20:45 INFO: 3 no leader at term 0; dropping proposal
raft2026/01/12 12:20:45 INFO: 3 no leader at term 0; dropping proposal
raft2026/01/12 12:20:45 INFO: 3 no leader at term 0; dropping proposal
raft2026/01/12 12:20:45 INFO: 3 no leader at term 0; dropping proposal
raft2026/01/12 12:20:45 INFO: 3 no leader at term 0; dropping proposal
raft2026/01/12 12:20:45 INFO: 3 no leader at term 0; dropping proposal
raft2026/01/12 12:20:45 INFO: 3 no leader at term 0; dropping proposal
raft2026/01/12 12:20:45 INFO: 3 no leader at term 0; dropping proposal
raft2026/01/12 12:20:45 INFO: 3 no leader at term 0; dropping proposal
raft2026/01/12 12:20:45 INFO: 3 no leader at term 0; dropping proposal
raft2026/01/12 12:20:45 INFO: 3 no leader at term 0; dropping proposal
raft2026/01/12 12:20:45 INFO: 3 no leader at term 0; dropping proposal
raft2026/01/12 12:20:45 INFO: 3 no leader at term 0; dropping proposal
raft2026/01/12 12:20:45 INFO: 3 no leader at term 0; dropping proposal
raft2026/01/12 12:20:45 INFO: 3 no leader at term 0; dropping proposal
raft2026/01/12 12:20:45 INFO: 3 no leader at term 0; dropping proposal
raft2026/01/12 12:20:45 INFO: 3 no leader at term 0; dropping proposal
raft2026/01/12 12:20:45 INFO: 3 no leader at term 0; dropping proposal
raft2026/01/12 12:20:45 INFO: 3 no leader at term 0; dropping proposal
raft2026/01/12 12:20:45 INFO: 3 no leader at term 0; dropping proposal
raft2026/01/12 12:20:45 INFO: 3 no leader at term 0; dropping proposal
raft2026/01/12 12:20:45 INFO: 3 no leader at term 0; dropping proposal
raft2026/01/12 12:20:45 INFO: 3 no leader at term 0; dropping proposal
raft2026/01/12 12:20:45 INFO: 3 no leader at term 0; dropping proposal
raft2026/01/12 12:20:45 INFO: 3 no leader at term 0; dropping proposal
raft2026/01/12 12:20:45 INFO: 3 no leader at term 0; dropping proposal
raft2026/01/12 12:20:45 INFO: 3 no leader at term 0; dropping proposal
raft2026/01/12 12:20:45 INFO: 3 no leader at term 0; dropping proposal
raft2026/01/12 12:20:45 INFO: 3 no leader at term 0; dropping proposal
raft2026/01/12 12:20:45 INFO: 3 no leader at term 0; dropping proposal
raft2026/01/12 12:20:45 INFO: 3 no leader at term 0; dropping proposal
raft2026/01/12 12:20:45 INFO: 3 no leader at term 0; dropping proposal
raft2026/01/12 12:20:45 INFO: 3 no leader at term 0; dropping proposal
raft2026/01/12 12:20:45 INFO: 3 no leader at term 0; dropping proposal
raft2026/01/12 12:20:45 INFO: 3 no leader at term 0; dropping proposal
raft2026/01/12 12:20:45 INFO: 3 no leader at term 0; dropping proposal
raft2026/01/12 12:20:45 INFO: 3 no leader at term 0; dropping proposal
raft2026/01/12 12:20:45 INFO: 3 no leader at term 0; dropping proposal
raft2026/01/12 12:20:45 INFO: 3 no leader at term 0; dropping proposal
raft2026/01/12 12:20:45 INFO: 3 no leader at term 0; dropping proposal
raft2026/01/12 12:20:45 INFO: 3 no leader at term 0; dropping proposal
raft2026/01/12 12:20:45 INFO: 3 no leader at term 0; dropping proposal
raft2026/01/12 12:20:45 INFO: 3 no leader at term 0; dropping proposal
raft2026/01/12 12:20:45 INFO: 3 no leader at term 0; dropping proposal
raft2026/01/12 12:20:45 INFO: 3 no leader at term 0; dropping proposal
raft2026/01/12 12:20:45 INFO: 3 no leader at term 0; dropping proposal
raft2026/01/12 12:20:45 INFO: 3 no leader at term 0; dropping proposal
raft2026/01/12 12:20:45 INFO: 3 no leader at term 0; dropping proposal
raft2026/01/12 12:20:45 INFO: 3 no leader at term 0; dropping proposal
raft2026/01/12 12:20:45 INFO: 3 no leader at term 0; dropping proposal
raft2026/01/12 12:20:45 INFO: 3 no leader at term 0; dropping proposal
raft2026/01/12 12:20:45 INFO: 3 no leader at term 0; dropping proposal
raft2026/01/12 12:20:45 INFO: 3 no leader at term 0; dropping proposal
raft2026/01/12 12:20:45 INFO: 3 no leader at term 0; dropping proposal
raft2026/01/12 12:20:45 INFO: 3 no leader at term 0; dropping proposal
raft2026/01/12 12:20:45 INFO: 3 no leader at term 0; dropping proposal
raft2026/01/12 12:20:45 INFO: 3 no leader at term 0; dropping proposal
raft2026/01/12 12:20:45 INFO: 3 no leader at term 0; dropping proposal
raft2026/01/12 12:20:45 INFO: 3 no leader at term 0; dropping proposal
raft2026/01/12 12:20:45 INFO: 3 no leader at term 0; dropping proposal
raft2026/01/12 12:20:45 INFO: 3 no leader at term 0; dropping proposal
raft2026/01/12 12:20:45 INFO: 3 no leader at term 0; dropping proposal
raft2026/01/12 12:20:45 INFO: 3 no leader at term 0; dropping proposal
raft2026/01/12 12:20:45 INFO: 3 no leader at term 0; dropping proposal
raft2026/01/12 12:20:45 INFO: 3 no leader at term 0; dropping proposal
raft2026/01/12 12:20:45 INFO: 3 no leader at term 0; dropping proposal
raft2026/01/12 12:20:45 INFO: 3 no leader at term 0; dropping proposal
raft2026/01/12 12:20:45 INFO: 3 no leader at term 0; dropping proposal
raft2026/01/12 12:20:45 INFO: 3 no leader at term 0; dropping proposal
raft2026/01/12 12:20:45 INFO: 3 no leader at term 0; dropping proposal
raft2026/01/12 12:20:45 INFO: 3 no leader at term 0; dropping proposal
raft2026/01/12 12:20:45 INFO: 3 no leader at term 0; dropping proposal
raft2026/01/12 12:20:45 INFO: 3 no leader at term 0; dropping proposal
raft2026/01/12 12:20:45 INFO: 3 no leader at term 0; dropping proposal
raft2026/01/12 12:20:45 INFO: 3 no leader at term 0; dropping proposal
raft2026/01/12 12:20:45 INFO: 3 no leader at term 0; dropping proposal
raft2026/01/12 12:20:45 INFO: 3 no leader at term 0; dropping proposal
raft2026/01/12 12:20:45 INFO: 3 no leader at term 0; dropping proposal
raft2026/01/12 12:20:45 INFO: 3 no leader at term 0; dropping proposal
raft2026/01/12 12:20:45 INFO: 3 no leader at term 0; dropping proposal
raft2026/01/12 12:20:45 INFO: 3 no leader at term 0; dropping proposal
raft2026/01/12 12:20:45 INFO: 3 no leader at term 0; dropping proposal
raft2026/01/12 12:20:45 INFO: 3 no leader at term 0; dropping proposal
raft2026/01/12 12:20:45 INFO: 3 no leader at term 0; dropping proposal
raft2026/01/12 12:20:45 INFO: 3 no leader at term 0; dropping proposal
raft2026/01/12 12:20:45 INFO: 3 no leader at term 0; dropping proposal
raft2026/01/12 12:20:45 INFO: 3 no leader at term 0; dropping proposal
raft2026/01/12 12:20:45 INFO: 3 no leader at term 0; dropping proposal
raft2026/01/12 12:20:45 INFO: 3 no leader at term 0; dropping proposal
raft2026/01/12 12:20:45 INFO: 3 no leader at term 0; dropping proposal
raft2026/01/12 12:20:45 INFO: 3 no leader at term 0; dropping proposal
raft2026/01/12 12:20:45 INFO: 3 no leader at term 0; dropping proposal
raft2026/01/12 12:20:45 INFO: 3 no leader at term 0; dropping proposal
raft2026/01/12 12:20:45 INFO: 3 no leader at term 0; dropping proposal
raft2026/01/12 12:20:45 INFO: 3 no leader at term 0; dropping proposal
raft2026/01/12 12:20:45 INFO: 3 no leader at term 0; dropping proposal
raft2026/01/12 12:20:45 INFO: 3 no leader at term 0; dropping proposal
raft2026/01/12 12:20:45 INFO: 3 no leader at term 0; dropping proposal
raft2026/01/12 12:20:45 INFO: 3 no leader at term 0; dropping proposal
raft2026/01/12 12:20:45 INFO: 3 no leader at term 0; dropping proposal
raft2026/01/12 12:20:45 INFO: 3 no leader at term 0; dropping proposal
raft2026/01/12 12:20:45 INFO: 3 no leader at term 0; dropping proposal
raft2026/01/12 12:20:45 INFO: 3 no leader at term 0; dropping proposal
raft2026/01/12 12:20:45 INFO: 3 no leader at term 0; dropping proposal
raft2026/01/12 12:20:45 INFO: 3 no leader at term 0; dropping proposal
raft2026/01/12 12:20:45 INFO: 3 no leader at term 0; dropping proposal
raft2026/01/12 12:20:45 INFO: 3 no leader at term 0; dropping proposal
raft2026/01/12 12:20:45 INFO: 3 no leader at term 0; dropping proposal
raft2026/01/12 12:20:45 INFO: 3 no leader at term 0; dropping proposal
raft2026/01/12 12:20:45 INFO: 3 no leader at term 0; dropping proposal
raft2026/01/12 12:20:45 INFO: 3 no leader at term 0; dropping proposal
raft2026/01/12 12:20:45 INFO: 3 no leader at term 0; dropping proposal
raft2026/01/12 12:20:45 INFO: 3 no leader at term 0; dropping proposal
raft2026/01/12 12:20:45 INFO: 3 no leader at term 0; dropping proposal
raft2026/01/12 12:20:45 INFO: 3 no leader at term 0; dropping proposal
raft2026/01/12 12:20:45 INFO: 3 no leader at term 0; dropping proposal
raft2026/01/12 12:20:45 INFO: 3 no leader at term 0; dropping proposal
raft2026/01/12 12:20:45 INFO: 3 no leader at term 0; dropping proposal
raft2026/01/12 12:20:45 INFO: 3 no leader at term 0; dropping proposal
raft2026/01/12 12:20:45 INFO: 3 no leader at term 0; dropping proposal
raft2026/01/12 12:20:45 INFO: 3 no leader at term 0; dropping proposal
raft2026/01/12 12:20:45 INFO: 3 no leader at term 0; dropping proposal
raft2026/01/12 12:20:45 INFO: 3 no leader at term 0; dropping proposal
raft2026/01/12 12:20:45 INFO: 3 no leader at term 0; dropping proposal
raft2026/01/12 12:20:45 INFO: 3 no leader at term 0; dropping proposal
raft2026/01/12 12:20:45 INFO: 3 no leader at term 0; dropping proposal
raft2026/01/12 12:20:45 INFO: 3 no leader at term 0; dropping proposal
raft2026/01/12 12:20:45 INFO: 3 no leader at term 0; dropping proposal
raft2026/01/12 12:20:45 INFO: 3 no leader at term 0; dropping proposal
raft2026/01/12 12:20:45 INFO: 3 no leader at term 0; dropping proposal
raft2026/01/12 12:20:45 INFO: 3 no leader at term 0; dropping proposal
raft2026/01/12 12:20:45 INFO: 3 no leader at term 0; dropping proposal
raft2026/01/12 12:20:45 INFO: 3 no leader at term 0; dropping proposal
raft2026/01/12 12:20:45 INFO: 3 no leader at term 0; dropping proposal
raft2026/01/12 12:20:45 INFO: 3 no leader at term 0; dropping proposal
raft2026/01/12 12:20:45 INFO: 3 no leader at term 0; dropping proposal
raft2026/01/12 12:20:45 INFO: 3 no leader at term 0; dropping proposal
raft2026/01/12 12:20:45 INFO: 3 no leader at term 0; dropping proposal
raft2026/01/12 12:20:45 INFO: 3 no leader at term 0; dropping proposal
raft2026/01/12 12:20:45 INFO: 3 no leader at term 0; dropping proposal
raft2026/01/12 12:20:45 INFO: 3 no leader at term 0; dropping proposal
raft2026/01/12 12:20:45 INFO: 3 no leader at term 0; dropping proposal
raft2026/01/12 12:20:45 INFO: 3 no leader at term 0; dropping proposal
raft2026/01/12 12:20:45 INFO: 3 no leader at term 0; dropping proposal
raft2026/01/12 12:20:45 INFO: 3 no leader at term 0; dropping proposal
raft2026/01/12 12:20:45 INFO: 3 no leader at term 0; dropping proposal
raft2026/01/12 12:20:45 INFO: 3 no leader at term 0; dropping proposal
raft2026/01/12 12:20:45 INFO: 3 no leader at term 0; dropping proposal
raft2026/01/12 12:20:45 INFO: 3 no leader at term 0; dropping proposal
raft2026/01/12 12:20:45 INFO: 3 no leader at term 0; dropping proposal
raft2026/01/12 12:20:45 INFO: 3 no leader at term 0; dropping proposal
raft2026/01/12 12:20:45 INFO: 3 no leader at term 0; dropping proposal
raft2026/01/12 12:20:45 INFO: 3 no leader at term 0; dropping proposal
raft2026/01/12 12:20:45 INFO: 3 no leader at term 0; dropping proposal
raft2026/01/12 12:20:45 INFO: 3 no leader at term 0; dropping proposal
raft2026/01/12 12:20:45 INFO: 3 no leader at term 0; dropping proposal
raft2026/01/12 12:20:45 INFO: 3 no leader at term 0; dropping proposal
raft2026/01/12 12:20:45 INFO: 3 no leader at term 0; dropping proposal
raft2026/01/12 12:20:45 INFO: 3 [term: 0] received a MsgVote message with higher term from 1 [term: 1]
raft2026/01/12 12:20:45 INFO: 3 became follower at term 1
raft2026/01/12 12:20:45 INFO: 3 [logterm: 0, index: 0, vote: 0] cast MsgVote for 1 [logterm: 0, index: 0] at term 1
[DBImpl] Flushed SSTable #5. Entries: 63226, Size: 2299686
[DBImpl] Flushed SSTable #5. Entries: 63226, Seq: 63226
2026/01/12 12:20:55 [Apply] Executing Split at key-01000
2026/01/12 12:20:55 Split Region B Peers: [id:2 store_id:2 id:3 store_id:3 id:4 store_id:1]
2026/01/12 12:20:55 [DEBUG] PeerStorage InitialState Voters: [2 3 4]
raft2026/01/12 12:20:55 INFO: 3 switched to configuration voters=(2 3 4)
raft2026/01/12 12:20:55 INFO: 3 became follower at term 5
raft2026/01/12 12:20:55 INFO: newRaft 3 [peers: [2,3,4], term: 5, commit: 5, applied: 5, lastindex: 5, lastterm: 5]
2026/01/12 12:20:55 Split finish. Region A: [, key-01000), Region B: [key-01000, )
2026/01/12 12:20:55 Registered new peer for Region 1
raft2026/01/12 12:21:00 INFO: 3 [term: 5] received a MsgVote message with higher term from 4 [term: 6]
raft2026/01/12 12:21:00 INFO: 3 became follower at term 6
raft2026/01/12 12:21:00 INFO: 3 [logterm: 5, index: 5, vote: 0] cast MsgVote for 4 [logterm: 5, index: 5] at term 6
raft2026/01/12 12:21:18 INFO: 3 switched to configuration voters=(2 3 4 1005)
raft2026/01/12 12:21:28 INFO: 3 switched to configuration voters=(2 4 1005)
2026/01/12 12:21:28 Peer 3 removed from Region 1
2026/01/12 12:21:28 Peer 3 removed from Region 1 (scheduled for GC)
2026/01/12 12:21:28 [GC] Clearing data for removed Region 1...
[DeleteRange] Deleted 24 keys in range.
[DeleteRange] Deleted 31626 keys in range.
2026/01/12 12:21:28 [GC] Region 1 cleanup finished.
2026/01/12 12:22:59 Received shutdown signal...
2026/01/12 12:22:59 Stopping StoreWorker...
2026/01/12 12:22:59 Closing Transport...
2026/01/12 12:22:59 Stopping gRPC server (Graceful)...
2026/01/12 12:22:59 gRPC server stopped gracefully.
2026/01/12 12:22:59 TitanKV Server exit.
