2026/01/12 12:20:36 Starting embedded etcd...
{"level":"warn","ts":"2026-01-12T12:20:36.442918+0800","caller":"embed/config.go:679","msg":"Running http and grpc server on single port. This is not recommended for production."}
{"level":"info","ts":"2026-01-12T12:20:36.442945+0800","caller":"embed/etcd.go:127","msg":"configuring peer listeners","listen-peer-urls":["http://127.0.0.1:2380"]}
{"level":"info","ts":"2026-01-12T12:20:36.443088+0800","caller":"embed/etcd.go:135","msg":"configuring client listeners","listen-client-urls":["http://127.0.0.1:2379"]}
{"level":"info","ts":"2026-01-12T12:20:36.443141+0800","caller":"embed/etcd.go:308","msg":"starting an etcd server","etcd-version":"3.5.12","git-sha":"Not provided (use ./build instead of go build)","go-version":"go1.24.11","go-os":"linux","go-arch":"amd64","max-cpu-set":8,"max-cpu-available":8,"member-initialized":false,"name":"pd1","data-dir":"/tmp/pd1","wal-dir":"","wal-dir-dedicated":"","member-dir":"/tmp/pd1/member","force-new-cluster":false,"heartbeat-interval":"100ms","election-timeout":"1s","initial-election-tick-advance":true,"snapshot-count":100000,"max-wals":5,"max-snapshots":5,"snapshot-catchup-entries":5000,"initial-advertise-peer-urls":["http://127.0.0.1:2380"],"listen-peer-urls":["http://127.0.0.1:2380"],"advertise-client-urls":["http://127.0.0.1:2379"],"listen-client-urls":["http://127.0.0.1:2379"],"listen-metrics-urls":[],"cors":["*"],"host-whitelist":["*"],"initial-cluster":"pd1=http://127.0.0.1:2380","initial-cluster-state":"new","initial-cluster-token":"etcd-cluster","quota-backend-bytes":2147483648,"max-request-bytes":1572864,"max-concurrent-streams":4294967295,"pre-vote":true,"initial-corrupt-check":false,"corrupt-check-time-interval":"0s","compact-check-time-enabled":false,"compact-check-time-interval":"1m0s","auto-compaction-mode":"","auto-compaction-retention":"0s","auto-compaction-interval":"0s","discovery-url":"","discovery-proxy":"","downgrade-check-interval":"5s"}
{"level":"info","ts":"2026-01-12T12:20:36.492162+0800","caller":"etcdserver/backend.go:81","msg":"opened backend db","path":"/tmp/pd1/member/snap/db","took":"48.815987ms"}
{"level":"info","ts":"2026-01-12T12:20:36.496699+0800","caller":"etcdserver/raft.go:495","msg":"starting local member","local-member-id":"b71f75320dc06a6c","cluster-id":"1c45a069f3a1d796"}
{"level":"info","ts":"2026-01-12T12:20:36.496905+0800","logger":"raft","caller":"etcdserver/zap_raft.go:77","msg":"b71f75320dc06a6c switched to configuration voters=()"}
{"level":"info","ts":"2026-01-12T12:20:36.496999+0800","logger":"raft","caller":"etcdserver/zap_raft.go:77","msg":"b71f75320dc06a6c became follower at term 0"}
{"level":"info","ts":"2026-01-12T12:20:36.497048+0800","logger":"raft","caller":"etcdserver/zap_raft.go:77","msg":"newRaft b71f75320dc06a6c [peers: [], term: 0, commit: 0, applied: 0, lastindex: 0, lastterm: 0]"}
{"level":"info","ts":"2026-01-12T12:20:36.497083+0800","logger":"raft","caller":"etcdserver/zap_raft.go:77","msg":"b71f75320dc06a6c became follower at term 1"}
{"level":"info","ts":"2026-01-12T12:20:36.497186+0800","logger":"raft","caller":"etcdserver/zap_raft.go:77","msg":"b71f75320dc06a6c switched to configuration voters=(13195394291058371180)"}
{"level":"warn","ts":"2026-01-12T12:20:36.500367+0800","caller":"auth/store.go:1241","msg":"simple token is not cryptographically signed"}
{"level":"info","ts":"2026-01-12T12:20:36.502311+0800","caller":"mvcc/kvstore.go:407","msg":"kvstore restored","current-rev":1}
{"level":"info","ts":"2026-01-12T12:20:36.503578+0800","caller":"etcdserver/quota.go:94","msg":"enabled backend quota with default value","quota-name":"v3-applier","quota-size-bytes":2147483648,"quota-size":"2.1 GB"}
{"level":"info","ts":"2026-01-12T12:20:36.504913+0800","caller":"etcdserver/server.go:860","msg":"starting etcd server","local-member-id":"b71f75320dc06a6c","local-server-version":"3.5.12","cluster-version":"to_be_decided"}
{"level":"info","ts":"2026-01-12T12:20:36.50525+0800","caller":"etcdserver/server.go:744","msg":"started as single-node; fast-forwarding election ticks","local-member-id":"b71f75320dc06a6c","forward-ticks":9,"forward-duration":"900ms","election-ticks":10,"election-timeout":"1s"}
{"level":"info","ts":"2026-01-12T12:20:36.505676+0800","caller":"fileutil/purge.go:50","msg":"started to purge file","dir":"/tmp/pd1/member/snap","suffix":"snap.db","max":5,"interval":"30s"}
{"level":"info","ts":"2026-01-12T12:20:36.505909+0800","caller":"fileutil/purge.go:50","msg":"started to purge file","dir":"/tmp/pd1/member/snap","suffix":"snap","max":5,"interval":"30s"}
{"level":"info","ts":"2026-01-12T12:20:36.505955+0800","caller":"fileutil/purge.go:50","msg":"started to purge file","dir":"/tmp/pd1/member/wal","suffix":"wal","max":5,"interval":"30s"}
{"level":"info","ts":"2026-01-12T12:20:36.507244+0800","logger":"raft","caller":"etcdserver/zap_raft.go:77","msg":"b71f75320dc06a6c switched to configuration voters=(13195394291058371180)"}
{"level":"info","ts":"2026-01-12T12:20:36.508232+0800","caller":"membership/cluster.go:421","msg":"added member","cluster-id":"1c45a069f3a1d796","local-member-id":"b71f75320dc06a6c","added-peer-id":"b71f75320dc06a6c","added-peer-peer-urls":["http://127.0.0.1:2380"]}
{"level":"info","ts":"2026-01-12T12:20:36.511832+0800","caller":"embed/etcd.go:597","msg":"serving peer traffic","address":"127.0.0.1:2380"}
{"level":"info","ts":"2026-01-12T12:20:36.511911+0800","caller":"embed/etcd.go:569","msg":"cmux::serve","address":"127.0.0.1:2380"}
{"level":"info","ts":"2026-01-12T12:20:36.511989+0800","caller":"embed/etcd.go:277","msg":"now serving peer/client/metrics","local-member-id":"b71f75320dc06a6c","initial-advertise-peer-urls":["http://127.0.0.1:2380"],"listen-peer-urls":["http://127.0.0.1:2380"],"advertise-client-urls":["http://127.0.0.1:2379"],"listen-client-urls":["http://127.0.0.1:2379"],"listen-metrics-urls":[]}
{"level":"info","ts":"2026-01-12T12:20:36.597638+0800","logger":"raft","caller":"etcdserver/zap_raft.go:77","msg":"b71f75320dc06a6c is starting a new election at term 1"}
{"level":"info","ts":"2026-01-12T12:20:36.59767+0800","logger":"raft","caller":"etcdserver/zap_raft.go:77","msg":"b71f75320dc06a6c became pre-candidate at term 1"}
{"level":"info","ts":"2026-01-12T12:20:36.597695+0800","logger":"raft","caller":"etcdserver/zap_raft.go:77","msg":"b71f75320dc06a6c received MsgPreVoteResp from b71f75320dc06a6c at term 1"}
{"level":"info","ts":"2026-01-12T12:20:36.597707+0800","logger":"raft","caller":"etcdserver/zap_raft.go:77","msg":"b71f75320dc06a6c became candidate at term 2"}
{"level":"info","ts":"2026-01-12T12:20:36.59773+0800","logger":"raft","caller":"etcdserver/zap_raft.go:77","msg":"b71f75320dc06a6c received MsgVoteResp from b71f75320dc06a6c at term 2"}
{"level":"info","ts":"2026-01-12T12:20:36.59774+0800","logger":"raft","caller":"etcdserver/zap_raft.go:77","msg":"b71f75320dc06a6c became leader at term 2"}
{"level":"info","ts":"2026-01-12T12:20:36.597747+0800","logger":"raft","caller":"etcdserver/zap_raft.go:77","msg":"raft.node: b71f75320dc06a6c elected leader b71f75320dc06a6c at term 2"}
{"level":"info","ts":"2026-01-12T12:20:36.598507+0800","caller":"etcdserver/server.go:2068","msg":"published local member to cluster through raft","local-member-id":"b71f75320dc06a6c","local-member-attributes":"{Name:pd1 ClientURLs:[http://127.0.0.1:2379]}","request-path":"/0/members/b71f75320dc06a6c/attributes","cluster-id":"1c45a069f3a1d796","publish-timeout":"7s"}
{"level":"info","ts":"2026-01-12T12:20:36.598529+0800","caller":"embed/serve.go:103","msg":"ready to serve client requests"}
{"level":"info","ts":"2026-01-12T12:20:36.59853+0800","caller":"etcdserver/server.go:2578","msg":"setting up initial cluster version using v2 API","cluster-version":"3.5"}
2026/01/12 12:20:36 Etcd is ready!
{"level":"info","ts":"2026-01-12T12:20:36.59903+0800","caller":"membership/cluster.go:584","msg":"set initial cluster version","cluster-id":"1c45a069f3a1d796","local-member-id":"b71f75320dc06a6c","cluster-version":"3.5"}
{"level":"info","ts":"2026-01-12T12:20:36.599089+0800","caller":"api/capability.go:75","msg":"enabled capabilities for version","cluster-version":"3.5"}
{"level":"info","ts":"2026-01-12T12:20:36.599119+0800","caller":"etcdserver/server.go:2602","msg":"cluster version is updated","cluster-version":"3.5"}
{"level":"info","ts":"2026-01-12T12:20:36.599123+0800","caller":"embed/serve.go:187","msg":"serving client traffic insecurely; this is strongly discouraged!","traffic":"grpc+http","address":"127.0.0.1:2379"}
2026/01/12 12:20:36 [IDAllocator] Initialized. Current Etcd Base: 0
2026/01/12 12:20:36 Loaded 0 stores from Etcd
2026/01/12 12:20:36 Loaded 0 regions from Etcd
2026/01/12 12:20:36 [Coordinator] Added scheduler: balance-leader-scheduler
2026/01/12 12:20:36 [Coordinator] Added scheduler: balance-region-scheduler
2026/01/12 12:20:36 [Coordinator] Added scheduler: replica-scheduler
2026/01/12 12:20:36 PD gRPC Server listening on :9000
2026/01/12 12:20:36 Campaigning for leader...
2026/01/12 12:20:36 I am the Leader!
2026/01/12 12:20:36 [TSO] Initialized. Window end: 2026-01-12 12:20:39.603889397 +0800 CST m=+3.168928182
2026/01/12 12:20:38 New store registered: ID=1, Addr=127.0.0.1:9091
2026/01/12 12:20:38 New store registered: ID=2, Addr=127.0.0.1:9092
2026/01/12 12:20:38 New store registered: ID=3, Addr=127.0.0.1:9093
2026/01/12 12:20:38 [Debug] Scheduler saw 3 stores
2026/01/12 12:20:38 [Debug] Source(ID=3, Leaders=0) -> Target(ID=1, Leaders=0)
2026/01/12 12:20:40 [Debug] Scheduler saw 3 stores
2026/01/12 12:20:40 [Debug] Source(ID=3, Leaders=0) -> Target(ID=1, Leaders=0)
2026/01/12 12:20:42 [Debug] Scheduler saw 3 stores
2026/01/12 12:20:42 [Debug] Source(ID=3, Leaders=0) -> Target(ID=1, Leaders=0)
2026/01/12 12:20:44 [Debug] Scheduler saw 3 stores
2026/01/12 12:20:44 [Debug] Source(ID=2, Leaders=0) -> Target(ID=3, Leaders=0)
2026/01/12 12:20:46 [Debug] Scheduler saw 3 stores
2026/01/12 12:20:46 [Debug] Source(ID=2, Leaders=0) -> Target(ID=3, Leaders=0)
2026/01/12 12:20:48 [Debug] Scheduler saw 3 stores
2026/01/12 12:20:48 [Debug] Source(ID=1, Leaders=1) -> Target(ID=2, Leaders=0)
2026/01/12 12:20:50 [Debug] Scheduler saw 3 stores
2026/01/12 12:20:50 [Debug] Source(ID=1, Leaders=1) -> Target(ID=2, Leaders=0)
2026/01/12 12:20:52 [Debug] Scheduler saw 3 stores
2026/01/12 12:20:52 [Debug] Source(ID=1, Leaders=1) -> Target(ID=3, Leaders=0)
2026/01/12 12:20:54 [Debug] Scheduler saw 3 stores
2026/01/12 12:20:54 [Debug] Source(ID=1, Leaders=1) -> Target(ID=3, Leaders=0)
2026/01/12 12:20:56 [Debug] Scheduler saw 3 stores
2026/01/12 12:20:56 [Debug] Source(ID=1, Leaders=1) -> Target(ID=2, Leaders=0)
2026/01/12 12:20:58 [Debug] Scheduler saw 3 stores
2026/01/12 12:20:58 [Debug] Source(ID=1, Leaders=1) -> Target(ID=3, Leaders=0)
2026/01/12 12:21:00 [Debug] Scheduler saw 3 stores
2026/01/12 12:21:00 [Debug] Source(ID=1, Leaders=1) -> Target(ID=2, Leaders=0)
2026/01/12 12:21:02 [Debug] Scheduler saw 3 stores
2026/01/12 12:21:02 [Debug] Source(ID=1, Leaders=1) -> Target(ID=2, Leaders=0)
2026/01/12 12:21:04 [Debug] Scheduler saw 3 stores
2026/01/12 12:21:04 [Debug] Source(ID=1, Leaders=1) -> Target(ID=2, Leaders=0)
2026/01/12 12:21:06 [Debug] Scheduler saw 3 stores
2026/01/12 12:21:06 [Debug] Source(ID=1, Leaders=1) -> Target(ID=2, Leaders=0)
2026/01/12 12:21:08 [Debug] Scheduler saw 3 stores
2026/01/12 12:21:08 [Debug] Source(ID=1, Leaders=1) -> Target(ID=3, Leaders=0)
2026/01/12 12:21:10 [Debug] Scheduler saw 3 stores
2026/01/12 12:21:10 [Debug] Source(ID=1, Leaders=1) -> Target(ID=2, Leaders=0)
2026/01/12 12:21:12 [Debug] Scheduler saw 3 stores
2026/01/12 12:21:12 [Debug] Source(ID=1, Leaders=1) -> Target(ID=2, Leaders=0)
2026/01/12 12:21:13 New store registered: ID=4, Addr=127.0.0.1:9094
2026/01/12 12:21:14 [Debug] Scheduler saw 4 stores
2026/01/12 12:21:14 [Debug] Source(ID=1, Leaders=1) -> Target(ID=2, Leaders=0)
2026/01/12 12:21:14 [Schedule] Move peer of region 1 from store 3 to 4 (Usage: 0.50 vs 0.00)
2026/01/12 12:21:14 [Coordinator] Generated Operator: Operator[balance-region | Region 1]: [add peer 1005 on store 4 remove peer on store 3]
2026/01/12 12:21:16 [Debug] Scheduler saw 4 stores
2026/01/12 12:21:16 [Debug] Source(ID=1, Leaders=1) -> Target(ID=2, Leaders=0)
2026/01/12 12:21:16 [Schedule] Move peer of region 1 from store 3 to 4 (Usage: 0.50 vs 0.00)
2026/01/12 12:21:18 [PD] Operator addpeer: Operator[balance-region | Region 1]: [add peer 1005 on store 4 remove peer on store 3]
2026/01/12 12:21:18 [Debug] Scheduler saw 4 stores
2026/01/12 12:21:18 [Debug] Source(ID=1, Leaders=1) -> Target(ID=3, Leaders=0)
2026/01/12 12:21:18 [Schedule] Move peer of region 1 from store 1 to 4 (Usage: 0.50 vs 0.00)
2026/01/12 12:21:20 [Debug] Scheduler saw 4 stores
2026/01/12 12:21:20 [Debug] Source(ID=1, Leaders=1) -> Target(ID=2, Leaders=0)
2026/01/12 12:21:20 [Schedule] Move peer of region 1 from store 2 to 4 (Usage: 0.50 vs 0.00)
2026/01/12 12:21:22 [Debug] Scheduler saw 4 stores
2026/01/12 12:21:22 [Debug] Source(ID=1, Leaders=1) -> Target(ID=2, Leaders=0)
2026/01/12 12:21:22 [Schedule] Move peer of region 1 from store 1 to 4 (Usage: 0.50 vs 0.00)
2026/01/12 12:21:24 [Debug] Scheduler saw 4 stores
2026/01/12 12:21:24 [Debug] Source(ID=1, Leaders=1) -> Target(ID=4, Leaders=0)
2026/01/12 12:21:26 [Debug] Scheduler saw 4 stores
2026/01/12 12:21:26 [Debug] Source(ID=1, Leaders=1) -> Target(ID=2, Leaders=0)
2026/01/12 12:21:28 [Debug] Scheduler saw 4 stores
2026/01/12 12:21:28 [Debug] Source(ID=1, Leaders=1) -> Target(ID=2, Leaders=0)
2026/01/12 12:21:30 [Debug] Scheduler saw 4 stores
2026/01/12 12:21:30 [Debug] Source(ID=1, Leaders=1) -> Target(ID=4, Leaders=0)
2026/01/12 12:21:32 [Debug] Scheduler saw 4 stores
2026/01/12 12:21:32 [Debug] Source(ID=1, Leaders=1) -> Target(ID=4, Leaders=0)
2026/01/12 12:21:33 [PD] Operator finished: Operator[balance-region | Region 1]: [add peer 1005 on store 4 remove peer on store 3]
2026/01/12 12:21:34 [Debug] Scheduler saw 4 stores
2026/01/12 12:21:34 [Debug] Source(ID=1, Leaders=1) -> Target(ID=2, Leaders=0)
2026/01/12 12:21:36 [Debug] Scheduler saw 4 stores
2026/01/12 12:21:36 [Debug] Source(ID=1, Leaders=1) -> Target(ID=2, Leaders=0)
2026/01/12 12:21:38 [Debug] Scheduler saw 4 stores
2026/01/12 12:21:38 [Debug] Source(ID=1, Leaders=1) -> Target(ID=2, Leaders=0)
2026/01/12 12:21:40 [Debug] Scheduler saw 4 stores
2026/01/12 12:21:40 [Debug] Source(ID=1, Leaders=1) -> Target(ID=2, Leaders=0)
2026/01/12 12:21:42 [Debug] Scheduler saw 4 stores
2026/01/12 12:21:42 [Debug] Source(ID=1, Leaders=1) -> Target(ID=2, Leaders=0)
2026/01/12 12:21:44 [Debug] Scheduler saw 4 stores
2026/01/12 12:21:44 [Debug] Source(ID=1, Leaders=1) -> Target(ID=2, Leaders=0)
2026/01/12 12:21:46 [Debug] Scheduler saw 4 stores
2026/01/12 12:21:46 [Debug] Source(ID=1, Leaders=1) -> Target(ID=2, Leaders=0)
2026/01/12 12:21:48 [Debug] Scheduler saw 4 stores
2026/01/12 12:21:48 [Debug] Source(ID=1, Leaders=1) -> Target(ID=2, Leaders=0)
2026/01/12 12:21:50 [Debug] Scheduler saw 4 stores
2026/01/12 12:21:50 [Debug] Source(ID=1, Leaders=1) -> Target(ID=3, Leaders=0)
2026/01/12 12:21:52 [Debug] Scheduler saw 4 stores
2026/01/12 12:21:52 [Debug] Source(ID=1, Leaders=1) -> Target(ID=2, Leaders=0)
2026/01/12 12:21:54 [Debug] Scheduler saw 4 stores
2026/01/12 12:21:54 [Debug] Source(ID=1, Leaders=1) -> Target(ID=2, Leaders=0)
2026/01/12 12:21:56 [Debug] Scheduler saw 4 stores
2026/01/12 12:21:56 [Debug] Source(ID=1, Leaders=1) -> Target(ID=2, Leaders=0)
2026/01/12 12:21:58 [Debug] Scheduler saw 4 stores
2026/01/12 12:21:58 [Debug] Source(ID=1, Leaders=1) -> Target(ID=2, Leaders=0)
2026/01/12 12:22:00 [Debug] Scheduler saw 4 stores
2026/01/12 12:22:00 [Debug] Source(ID=1, Leaders=1) -> Target(ID=2, Leaders=0)
2026/01/12 12:22:02 [Debug] Scheduler saw 4 stores
2026/01/12 12:22:02 [Debug] Source(ID=1, Leaders=1) -> Target(ID=2, Leaders=0)
2026/01/12 12:22:04 [Debug] Scheduler saw 4 stores
2026/01/12 12:22:04 [Debug] Source(ID=1, Leaders=1) -> Target(ID=2, Leaders=0)
2026/01/12 12:22:06 [Debug] Scheduler saw 4 stores
2026/01/12 12:22:06 [Debug] Source(ID=1, Leaders=1) -> Target(ID=4, Leaders=0)
2026/01/12 12:22:08 [Debug] Scheduler saw 4 stores
2026/01/12 12:22:08 [Debug] Source(ID=1, Leaders=1) -> Target(ID=3, Leaders=0)
2026/01/12 12:22:10 [Debug] Scheduler saw 4 stores
2026/01/12 12:22:10 [Debug] Source(ID=1, Leaders=1) -> Target(ID=4, Leaders=0)
2026/01/12 12:22:12 [Debug] Scheduler saw 4 stores
2026/01/12 12:22:12 [Debug] Source(ID=1, Leaders=1) -> Target(ID=2, Leaders=0)
2026/01/12 12:22:14 [Debug] Scheduler saw 4 stores
2026/01/12 12:22:14 [Debug] Source(ID=1, Leaders=1) -> Target(ID=2, Leaders=0)
2026/01/12 12:22:16 [Debug] Scheduler saw 4 stores
2026/01/12 12:22:16 [Debug] Source(ID=1, Leaders=1) -> Target(ID=2, Leaders=0)
2026/01/12 12:22:18 [Debug] Scheduler saw 4 stores
2026/01/12 12:22:18 [Debug] Source(ID=1, Leaders=1) -> Target(ID=2, Leaders=0)
2026/01/12 12:22:20 [Debug] Scheduler saw 4 stores
2026/01/12 12:22:20 [Debug] Source(ID=1, Leaders=1) -> Target(ID=2, Leaders=0)
2026/01/12 12:22:22 [Debug] Scheduler saw 4 stores
2026/01/12 12:22:22 [Debug] Source(ID=1, Leaders=1) -> Target(ID=2, Leaders=0)
2026/01/12 12:22:24 [Debug] Scheduler saw 4 stores
2026/01/12 12:22:24 [Debug] Source(ID=1, Leaders=1) -> Target(ID=2, Leaders=0)
2026/01/12 12:22:26 [Debug] Scheduler saw 4 stores
2026/01/12 12:22:26 [Debug] Source(ID=1, Leaders=1) -> Target(ID=2, Leaders=0)
2026/01/12 12:22:28 [Debug] Scheduler saw 4 stores
2026/01/12 12:22:28 [Debug] Source(ID=1, Leaders=1) -> Target(ID=2, Leaders=0)
2026/01/12 12:22:30 [Debug] Scheduler saw 4 stores
2026/01/12 12:22:30 [Debug] Source(ID=1, Leaders=1) -> Target(ID=3, Leaders=0)
2026/01/12 12:22:32 [Debug] Scheduler saw 4 stores
2026/01/12 12:22:32 [Debug] Source(ID=1, Leaders=1) -> Target(ID=2, Leaders=0)
2026/01/12 12:22:34 [Debug] Scheduler saw 4 stores
2026/01/12 12:22:34 [Debug] Source(ID=1, Leaders=1) -> Target(ID=2, Leaders=0)
2026/01/12 12:22:36 [Debug] Scheduler saw 4 stores
2026/01/12 12:22:36 [Debug] Source(ID=1, Leaders=1) -> Target(ID=3, Leaders=0)
2026/01/12 12:22:38 [Debug] Scheduler saw 4 stores
2026/01/12 12:22:38 [Debug] Source(ID=1, Leaders=1) -> Target(ID=2, Leaders=0)
2026/01/12 12:22:40 [Debug] Scheduler saw 4 stores
2026/01/12 12:22:40 [Debug] Source(ID=1, Leaders=1) -> Target(ID=4, Leaders=0)
2026/01/12 12:22:42 [Debug] Scheduler saw 4 stores
2026/01/12 12:22:42 [Debug] Source(ID=1, Leaders=1) -> Target(ID=4, Leaders=0)
2026/01/12 12:22:44 [Debug] Scheduler saw 4 stores
2026/01/12 12:22:44 [Debug] Source(ID=1, Leaders=1) -> Target(ID=2, Leaders=0)
2026/01/12 12:22:46 [Debug] Scheduler saw 4 stores
2026/01/12 12:22:46 [Debug] Source(ID=1, Leaders=1) -> Target(ID=3, Leaders=0)
2026/01/12 12:22:48 [Debug] Scheduler saw 4 stores
2026/01/12 12:22:48 [Debug] Source(ID=1, Leaders=1) -> Target(ID=3, Leaders=0)
2026/01/12 12:22:50 [Debug] Scheduler saw 4 stores
2026/01/12 12:22:50 [Debug] Source(ID=1, Leaders=1) -> Target(ID=2, Leaders=0)
2026/01/12 12:22:52 [Debug] Scheduler saw 4 stores
2026/01/12 12:22:52 [Debug] Source(ID=1, Leaders=1) -> Target(ID=2, Leaders=0)
2026/01/12 12:22:54 [Debug] Scheduler saw 4 stores
2026/01/12 12:22:54 [Debug] Source(ID=1, Leaders=1) -> Target(ID=2, Leaders=0)
2026/01/12 12:22:56 [Debug] Scheduler saw 4 stores
2026/01/12 12:22:56 [Debug] Source(ID=1, Leaders=1) -> Target(ID=3, Leaders=0)
2026/01/12 12:22:58 [Debug] Scheduler saw 4 stores
2026/01/12 12:22:58 [Debug] Source(ID=1, Leaders=1) -> Target(ID=2, Leaders=0)
2026/01/12 12:22:59 Server stopping, stepping down
{"level":"warn","ts":"2026-01-12T12:22:59.931089+0800","logger":"etcd-client","caller":"v3@v3.5.12/retry_interceptor.go:62","msg":"retrying of unary invoker failed","target":"etcd-endpoints://0xc0004d2a80/127.0.0.1:2379","attempt":0,"error":"rpc error: code = Canceled desc = context canceled"}
{"level":"info","ts":"2026-01-12T12:22:59.931224+0800","caller":"embed/etcd.go:375","msg":"closing etcd server","name":"pd1","data-dir":"/tmp/pd1","advertise-peer-urls":["http://127.0.0.1:2380"],"advertise-client-urls":["http://127.0.0.1:2379"]}
{"level":"warn","ts":"2026-01-12T12:22:59.931261+0800","caller":"embed/serve.go:160","msg":"stopping insecure grpc server due to error","error":"accept tcp 127.0.0.1:2379: use of closed network connection"}
{"level":"warn","ts":"2026-01-12T12:22:59.931324+0800","caller":"embed/serve.go:162","msg":"stopped insecure grpc server due to error","error":"accept tcp 127.0.0.1:2379: use of closed network connection"}
{"level":"info","ts":"2026-01-12T12:22:59.93136+0800","caller":"etcdserver/server.go:1471","msg":"skipped leadership transfer for single voting member cluster","local-member-id":"b71f75320dc06a6c","current-leader-member-id":"b71f75320dc06a6c"}
